--------------- Build Started: 11/05/2016 15:56:46 Project: FreeRTOS_Demo, Configuration: ARM GCC 4.9-2015-q1-update Debug ---------------
cydsfit.exe -.appdatapath "C:\Users\NGGMLGM\AppData\Local\Cypress Semiconductor\PSoC Creator\4.0" -.fdsnotice -.fdswarpdepfile=warp_dependencies.txt -.fdselabdepfile=elab_dependencies.txt -.fdsbldfile=generated_files.txt -.fdsreffile=referenced_files.txt -p C:\Users\NGGMLGM\Documents\UWE\GDIP\GDIP\FreeRTOS\Demo\CORTEX_CY8C5588_PSoC_Creator_GCC\FreeRTOS_Demo.cydsn\FreeRTOS_Demo.cyprj -d CY8C5868AXI-LP032 -s C:\Users\NGGMLGM\Documents\UWE\GDIP\GDIP\FreeRTOS\Demo\CORTEX_CY8C5588_PSoC_Creator_GCC\FreeRTOS_Demo.cydsn\Generated_Source\PSoC5 -- -yv2 -q10 -ygs -o2 -v3 -.fftcfgtype=LE
Elaborating Design...
ADD: pft.M0074: information: A (re)build is required to use the analog device editor. Unable to load the necessary information from the cyfit file. Partial/wrong data will be displayed until this has been resolved.
 * C:\Users\NGGMLGM\Documents\UWE\GDIP\GDIP\FreeRTOS\Demo\CORTEX_CY8C5588_PSoC_Creator_GCC\FreeRTOS_Demo.cydsn\FreeRTOS_Demo.cydwr ()
HDL Generation...
Synthesis...
Tech Mapping...
Analog Placement...
Analog Routing...
Analog Code Generation...
Digital Placement...
Digital Routing...
Bitstream Generation...
Bitstream Verification...
Static timing analysis...
API Generation...
DEL: pft.M0074: information: A (re)build is required to use the analog device editor. Unable to load the necessary information from the cyfit file. Partial/wrong data will be displayed until this has been resolved.
 * C:\Users\NGGMLGM\Documents\UWE\GDIP\GDIP\FreeRTOS\Demo\CORTEX_CY8C5588_PSoC_Creator_GCC\FreeRTOS_Demo.cydsn\FreeRTOS_Demo.cydwr ()
Dependency Generation...
Cleanup...
--------------- Build Failed: 11/05/2016 15:57:09 ---------------
