ARM GAS  C:\Users\NGGMLGM\AppData\Local\Temp\ccwbHhAA.s 			page 1


   1              		.syntax unified
   2              		.cpu cortex-m3
   3              		.fpu softvfp
   4              		.eabi_attribute 20, 1
   5              		.eabi_attribute 21, 1
   6              		.eabi_attribute 23, 3
   7              		.eabi_attribute 24, 1
   8              		.eabi_attribute 25, 1
   9              		.eabi_attribute 26, 1
  10              		.eabi_attribute 30, 6
  11              		.eabi_attribute 34, 1
  12              		.eabi_attribute 18, 4
  13              		.thumb
  14              		.file	"cymetadata.c"
  15              		.text
  16              	.Ltext0:
  17              		.cfi_sections	.debug_frame
  18              		.global	cy_meta_configecc
  19              		.section	.cyconfigecc,"a",%progbits
  20              		.align	2
  21              		.type	cy_meta_configecc, %object
  22              		.size	cy_meta_configecc, 1024
  23              	cy_meta_configecc:
  24 0000 02       		.byte	2
  25 0001 52       		.byte	82
  26 0002 00       		.byte	0
  27 0003 40       		.byte	64
  28 0004 02       		.byte	2
  29 0005 64       		.byte	100
  30 0006 00       		.byte	0
  31 0007 40       		.byte	64
  32 0008 01       		.byte	1
  33 0009 65       		.byte	101
  34 000a 00       		.byte	0
  35 000b 40       		.byte	64
  36 000c 01       		.byte	1
  37 000d 03       		.byte	3
  38 000e 01       		.byte	1
  39 000f 40       		.byte	64
  40 0010 03       		.byte	3
  41 0011 05       		.byte	5
  42 0012 01       		.byte	1
  43 0013 40       		.byte	64
  44 0014 59       		.byte	89
  45 0015 06       		.byte	6
  46 0016 01       		.byte	1
  47 0017 40       		.byte	64
  48 0018 38       		.byte	56
  49 0019 07       		.byte	7
  50 001a 01       		.byte	1
  51 001b 40       		.byte	64
  52 001c 5D       		.byte	93
  53 001d 14       		.byte	20
  54 001e 01       		.byte	1
  55 001f 40       		.byte	64
  56 0020 3A       		.byte	58
  57 0021 15       		.byte	21
ARM GAS  C:\Users\NGGMLGM\AppData\Local\Temp\ccwbHhAA.s 			page 2


  58 0022 01       		.byte	1
  59 0023 40       		.byte	64
  60 0024 42       		.byte	66
  61 0025 16       		.byte	22
  62 0026 01       		.byte	1
  63 0027 40       		.byte	64
  64 0028 3C       		.byte	60
  65 0029 17       		.byte	23
  66 002a 01       		.byte	1
  67 002b 40       		.byte	64
  68 002c 03       		.byte	3
  69 002d 40       		.byte	64
  70 002e 01       		.byte	1
  71 002f 40       		.byte	64
  72 0030 0A       		.byte	10
  73 0031 41       		.byte	65
  74 0032 01       		.byte	1
  75 0033 40       		.byte	64
  76 0034 05       		.byte	5
  77 0035 42       		.byte	66
  78 0036 01       		.byte	1
  79 0037 40       		.byte	64
  80 0038 04       		.byte	4
  81 0039 43       		.byte	67
  82 003a 01       		.byte	1
  83 003b 40       		.byte	64
  84 003c 05       		.byte	5
  85 003d 48       		.byte	72
  86 003e 01       		.byte	1
  87 003f 40       		.byte	64
  88 0040 06       		.byte	6
  89 0041 50       		.byte	80
  90 0042 01       		.byte	1
  91 0043 40       		.byte	64
  92 0044 01       		.byte	1
  93 0045 51       		.byte	81
  94 0046 01       		.byte	1
  95 0047 40       		.byte	64
  96 0048 00       		.byte	0
  97 0049 02       		.byte	2
  98 004a 01       		.byte	1
  99 004b 02       		.byte	2
 100 004c 86       		.byte	-122
 101 004d 0F       		.byte	15
 102 004e 87       		.byte	-121
 103 004f 38       		.byte	56
 104 0050 85       		.byte	-123
 105 0051 72       		.byte	114
 106 0052 82       		.byte	-126
 107 0053 02       		.byte	2
 108 0054 93       		.byte	-109
 109 0055 40       		.byte	64
 110 0056 9E       		.byte	-98
 111 0057 02       		.byte	2
 112 0058 AF       		.byte	-81
 113 0059 40       		.byte	64
 114 005a 00       		.byte	0
ARM GAS  C:\Users\NGGMLGM\AppData\Local\Temp\ccwbHhAA.s 			page 3


 115 005b 20       		.byte	32
 116 005c 08       		.byte	8
 117 005d 38       		.byte	56
 118 005e 09       		.byte	9
 119 005f 14       		.byte	20
 120 0060 0A       		.byte	10
 121 0061 04       		.byte	4
 122 0062 0B       		.byte	11
 123 0063 28       		.byte	40
 124 0064 0C       		.byte	12
 125 0065 18       		.byte	24
 126 0066 0D       		.byte	13
 127 0067 01       		.byte	1
 128 0068 0E       		.byte	14
 129 0069 22       		.byte	34
 130 006a 12       		.byte	18
 131 006b 06       		.byte	6
 132 006c 14       		.byte	20
 133 006d 12       		.byte	18
 134 006e 15       		.byte	21
 135 006f 26       		.byte	38
 136 0070 16       		.byte	22
 137 0071 20       		.byte	32
 138 0072 17       		.byte	23
 139 0073 18       		.byte	24
 140 0074 1B       		.byte	27
 141 0075 10       		.byte	16
 142 0076 1C       		.byte	28
 143 0077 28       		.byte	40
 144 0078 1D       		.byte	29
 145 0079 26       		.byte	38
 146 007a 1F       		.byte	31
 147 007b 08       		.byte	8
 148 007c 20       		.byte	32
 149 007d 01       		.byte	1
 150 007e 24       		.byte	36
 151 007f 20       		.byte	32
 152 0080 26       		.byte	38
 153 0081 18       		.byte	24
 154 0082 27       		.byte	39
 155 0083 2A       		.byte	42
 156 0084 29       		.byte	41
 157 0085 06       		.byte	6
 158 0086 2B       		.byte	43
 159 0087 28       		.byte	40
 160 0088 30       		.byte	48
 161 0089 3E       		.byte	62
 162 008a 33       		.byte	51
 163 008b 01       		.byte	1
 164 008c 34       		.byte	52
 165 008d 01       		.byte	1
 166 008e 35       		.byte	53
 167 008f 1E       		.byte	30
 168 0090 37       		.byte	55
 169 0091 20       		.byte	32
 170 0092 3B       		.byte	59
 171 0093 20       		.byte	32
ARM GAS  C:\Users\NGGMLGM\AppData\Local\Temp\ccwbHhAA.s 			page 4


 172 0094 3E       		.byte	62
 173 0095 10       		.byte	16
 174 0096 3F       		.byte	63
 175 0097 44       		.byte	68
 176 0098 40       		.byte	64
 177 0099 32       		.byte	50
 178 009a 41       		.byte	65
 179 009b 04       		.byte	4
 180 009c 45       		.byte	69
 181 009d E0       		.byte	-32
 182 009e 47       		.byte	71
 183 009f BC       		.byte	-68
 184 00a0 48       		.byte	72
 185 00a1 32       		.byte	50
 186 00a2 49       		.byte	73
 187 00a3 FF       		.byte	-1
 188 00a4 4A       		.byte	74
 189 00a5 FF       		.byte	-1
 190 00a6 4B       		.byte	75
 191 00a7 FF       		.byte	-1
 192 00a8 4E       		.byte	78
 193 00a9 F0       		.byte	-16
 194 00aa 4F       		.byte	79
 195 00ab 44       		.byte	68
 196 00ac 50       		.byte	80
 197 00ad 0C       		.byte	12
 198 00ae 54       		.byte	84
 199 00af 01       		.byte	1
 200 00b0 56       		.byte	86
 201 00b1 04       		.byte	4
 202 00b2 58       		.byte	88
 203 00b3 04       		.byte	4
 204 00b4 59       		.byte	89
 205 00b5 04       		.byte	4
 206 00b6 5A       		.byte	90
 207 00b7 04       		.byte	4
 208 00b8 5B       		.byte	91
 209 00b9 04       		.byte	4
 210 00ba 5F       		.byte	95
 211 00bb 01       		.byte	1
 212 00bc 66       		.byte	102
 213 00bd C0       		.byte	-64
 214 00be 6A       		.byte	106
 215 00bf 40       		.byte	64
 216 00c0 6B       		.byte	107
 217 00c1 02       		.byte	2
 218 00c2 86       		.byte	-122
 219 00c3 01       		.byte	1
 220 00c4 89       		.byte	-119
 221 00c5 02       		.byte	2
 222 00c6 8A       		.byte	-118
 223 00c7 05       		.byte	5
 224 00c8 95       		.byte	-107
 225 00c9 03       		.byte	3
 226 00ca 9A       		.byte	-102
 227 00cb 06       		.byte	6
 228 00cc 9B       		.byte	-101
ARM GAS  C:\Users\NGGMLGM\AppData\Local\Temp\ccwbHhAA.s 			page 5


 229 00cd 01       		.byte	1
 230 00ce 9E       		.byte	-98
 231 00cf 03       		.byte	3
 232 00d0 A2       		.byte	-94
 233 00d1 02       		.byte	2
 234 00d2 A8       		.byte	-88
 235 00d3 06       		.byte	6
 236 00d4 AA       		.byte	-86
 237 00d5 01       		.byte	1
 238 00d6 AD       		.byte	-83
 239 00d7 03       		.byte	3
 240 00d8 B6       		.byte	-74
 241 00d9 07       		.byte	7
 242 00da B7       		.byte	-73
 243 00db 03       		.byte	3
 244 00dc B9       		.byte	-71
 245 00dd 80       		.byte	-128
 246 00de BA       		.byte	-70
 247 00df 80       		.byte	-128
 248 00e0 BF       		.byte	-65
 249 00e1 40       		.byte	64
 250 00e2 C0       		.byte	-64
 251 00e3 05       		.byte	5
 252 00e4 C6       		.byte	-58
 253 00e5 04       		.byte	4
 254 00e6 C9       		.byte	-55
 255 00e7 FF       		.byte	-1
 256 00e8 CA       		.byte	-54
 257 00e9 07       		.byte	7
 258 00ea CB       		.byte	-53
 259 00eb FF       		.byte	-1
 260 00ec CC       		.byte	-52
 261 00ed 40       		.byte	64
 262 00ee CD       		.byte	-51
 263 00ef 20       		.byte	32
 264 00f0 CE       		.byte	-50
 265 00f1 F0       		.byte	-16
 266 00f2 CF       		.byte	-49
 267 00f3 05       		.byte	5
 268 00f4 D0       		.byte	-48
 269 00f5 08       		.byte	8
 270 00f6 D4       		.byte	-44
 271 00f7 18       		.byte	24
 272 00f8 D6       		.byte	-42
 273 00f9 04       		.byte	4
 274 00fa D8       		.byte	-40
 275 00fb 04       		.byte	4
 276 00fc D9       		.byte	-39
 277 00fd 04       		.byte	4
 278 00fe DA       		.byte	-38
 279 00ff 04       		.byte	4
 280 0100 DB       		.byte	-37
 281 0101 04       		.byte	4
 282 0102 DF       		.byte	-33
 283 0103 01       		.byte	1
 284 0104 E0       		.byte	-32
 285 0105 40       		.byte	64
ARM GAS  C:\Users\NGGMLGM\AppData\Local\Temp\ccwbHhAA.s 			page 6


 286 0106 E1       		.byte	-31
 287 0107 A8       		.byte	-88
 288 0108 E2       		.byte	-30
 289 0109 40       		.byte	64
 290 010a E3       		.byte	-29
 291 010b 20       		.byte	32
 292 010c 03       		.byte	3
 293 010d 14       		.byte	20
 294 010e 04       		.byte	4
 295 010f 20       		.byte	32
 296 0110 05       		.byte	5
 297 0111 40       		.byte	64
 298 0112 06       		.byte	6
 299 0113 40       		.byte	64
 300 0114 08       		.byte	8
 301 0115 50       		.byte	80
 302 0116 0E       		.byte	14
 303 0117 60       		.byte	96
 304 0118 0F       		.byte	15
 305 0119 02       		.byte	2
 306 011a 10       		.byte	16
 307 011b 80       		.byte	-128
 308 011c 11       		.byte	17
 309 011d 10       		.byte	16
 310 011e 15       		.byte	21
 311 011f 01       		.byte	1
 312 0120 17       		.byte	23
 313 0121 04       		.byte	4
 314 0122 19       		.byte	25
 315 0123 40       		.byte	64
 316 0124 1E       		.byte	30
 317 0125 48       		.byte	72
 318 0126 20       		.byte	32
 319 0127 02       		.byte	2
 320 0128 26       		.byte	38
 321 0129 48       		.byte	72
 322 012a 27       		.byte	39
 323 012b 04       		.byte	4
 324 012c 29       		.byte	41
 325 012d 40       		.byte	64
 326 012e 2C       		.byte	44
 327 012f 20       		.byte	32
 328 0130 2D       		.byte	45
 329 0131 20       		.byte	32
 330 0132 2F       		.byte	47
 331 0133 08       		.byte	8
 332 0134 30       		.byte	48
 333 0135 20       		.byte	32
 334 0136 33       		.byte	51
 335 0137 14       		.byte	20
 336 0138 34       		.byte	52
 337 0139 50       		.byte	80
 338 013a 35       		.byte	53
 339 013b 40       		.byte	64
 340 013c 36       		.byte	54
 341 013d 30       		.byte	48
 342 013e 37       		.byte	55
ARM GAS  C:\Users\NGGMLGM\AppData\Local\Temp\ccwbHhAA.s 			page 7


 343 013f 04       		.byte	4
 344 0140 38       		.byte	56
 345 0141 20       		.byte	32
 346 0142 39       		.byte	57
 347 0143 10       		.byte	16
 348 0144 3D       		.byte	61
 349 0145 10       		.byte	16
 350 0146 3E       		.byte	62
 351 0147 40       		.byte	64
 352 0148 44       		.byte	68
 353 0149 40       		.byte	64
 354 014a 47       		.byte	71
 355 014b 14       		.byte	20
 356 014c 48       		.byte	72
 357 014d 21       		.byte	33
 358 014e 4D       		.byte	77
 359 014f 01       		.byte	1
 360 0150 50       		.byte	80
 361 0151 80       		.byte	-128
 362 0152 52       		.byte	82
 363 0153 40       		.byte	64
 364 0154 57       		.byte	87
 365 0155 09       		.byte	9
 366 0156 5B       		.byte	91
 367 0157 01       		.byte	1
 368 0158 5D       		.byte	93
 369 0159 21       		.byte	33
 370 015a 5E       		.byte	94
 371 015b 88       		.byte	-120
 372 015c 60       		.byte	96
 373 015d 46       		.byte	70
 374 015e 66       		.byte	102
 375 015f 02       		.byte	2
 376 0160 8A       		.byte	-118
 377 0161 08       		.byte	8
 378 0162 93       		.byte	-109
 379 0163 40       		.byte	64
 380 0164 9E       		.byte	-98
 381 0165 02       		.byte	2
 382 0166 C0       		.byte	-64
 383 0167 D6       		.byte	-42
 384 0168 C2       		.byte	-62
 385 0169 B3       		.byte	-77
 386 016a C4       		.byte	-60
 387 016b 3A       		.byte	58
 388 016c CA       		.byte	-54
 389 016d 68       		.byte	104
 390 016e CC       		.byte	-52
 391 016f 76       		.byte	118
 392 0170 CE       		.byte	-50
 393 0171 34       		.byte	52
 394 0172 D0       		.byte	-48
 395 0173 E0       		.byte	-32
 396 0174 D2       		.byte	-46
 397 0175 08       		.byte	8
 398 0176 D6       		.byte	-42
 399 0177 F1       		.byte	-15
ARM GAS  C:\Users\NGGMLGM\AppData\Local\Temp\ccwbHhAA.s 			page 8


 400 0178 D8       		.byte	-40
 401 0179 8D       		.byte	-115
 402 017a E6       		.byte	-26
 403 017b 80       		.byte	-128
 404 017c 0A       		.byte	10
 405 017d 01       		.byte	1
 406 017e 12       		.byte	18
 407 017f 02       		.byte	2
 408 0180 1E       		.byte	30
 409 0181 04       		.byte	4
 410 0182 22       		.byte	34
 411 0183 04       		.byte	4
 412 0184 2A       		.byte	42
 413 0185 01       		.byte	1
 414 0186 30       		.byte	48
 415 0187 01       		.byte	1
 416 0188 32       		.byte	50
 417 0189 02       		.byte	2
 418 018a 34       		.byte	52
 419 018b 04       		.byte	4
 420 018c 36       		.byte	54
 421 018d 02       		.byte	2
 422 018e 3E       		.byte	62
 423 018f 10       		.byte	16
 424 0190 40       		.byte	64
 425 0191 10       		.byte	16
 426 0192 41       		.byte	65
 427 0193 02       		.byte	2
 428 0194 46       		.byte	70
 429 0195 20       		.byte	32
 430 0196 47       		.byte	71
 431 0197 01       		.byte	1
 432 0198 48       		.byte	72
 433 0199 18       		.byte	24
 434 019a 49       		.byte	73
 435 019b FF       		.byte	-1
 436 019c 4A       		.byte	74
 437 019d FF       		.byte	-1
 438 019e 4B       		.byte	75
 439 019f FF       		.byte	-1
 440 01a0 4D       		.byte	77
 441 01a1 A0       		.byte	-96
 442 01a2 4F       		.byte	79
 443 01a3 04       		.byte	4
 444 01a4 50       		.byte	80
 445 01a5 18       		.byte	24
 446 01a6 52       		.byte	82
 447 01a7 80       		.byte	-128
 448 01a8 58       		.byte	88
 449 01a9 04       		.byte	4
 450 01aa 5A       		.byte	90
 451 01ab 04       		.byte	4
 452 01ac 5B       		.byte	91
 453 01ad 04       		.byte	4
 454 01ae 5C       		.byte	92
 455 01af 01       		.byte	1
 456 01b0 5D       		.byte	93
ARM GAS  C:\Users\NGGMLGM\AppData\Local\Temp\ccwbHhAA.s 			page 9


 457 01b1 11       		.byte	17
 458 01b2 5F       		.byte	95
 459 01b3 01       		.byte	1
 460 01b4 60       		.byte	96
 461 01b5 40       		.byte	64
 462 01b6 62       		.byte	98
 463 01b7 C0       		.byte	-64
 464 01b8 64       		.byte	100
 465 01b9 40       		.byte	64
 466 01ba 65       		.byte	101
 467 01bb 40       		.byte	64
 468 01bc 66       		.byte	102
 469 01bd C0       		.byte	-64
 470 01be 68       		.byte	104
 471 01bf C0       		.byte	-64
 472 01c0 6A       		.byte	106
 473 01c1 C0       		.byte	-64
 474 01c2 6C       		.byte	108
 475 01c3 C0       		.byte	-64
 476 01c4 6E       		.byte	110
 477 01c5 C0       		.byte	-64
 478 01c6 85       		.byte	-123
 479 01c7 01       		.byte	1
 480 01c8 86       		.byte	-122
 481 01c9 01       		.byte	1
 482 01ca 89       		.byte	-119
 483 01cb 26       		.byte	38
 484 01cc 8B       		.byte	-117
 485 01cd 18       		.byte	24
 486 01ce 8F       		.byte	-113
 487 01cf 04       		.byte	4
 488 01d0 91       		.byte	-111
 489 01d1 01       		.byte	1
 490 01d2 95       		.byte	-107
 491 01d3 08       		.byte	8
 492 01d4 99       		.byte	-103
 493 01d5 18       		.byte	24
 494 01d6 9D       		.byte	-99
 495 01d7 10       		.byte	16
 496 01d8 9E       		.byte	-98
 497 01d9 02       		.byte	2
 498 01da A1       		.byte	-95
 499 01db 38       		.byte	56
 500 01dc A3       		.byte	-93
 501 01dd 06       		.byte	6
 502 01de A5       		.byte	-91
 503 01df 3C       		.byte	60
 504 01e0 A7       		.byte	-89
 505 01e1 02       		.byte	2
 506 01e2 A9       		.byte	-87
 507 01e3 01       		.byte	1
 508 01e4 AA       		.byte	-86
 509 01e5 02       		.byte	2
 510 01e6 AD       		.byte	-83
 511 01e7 3E       		.byte	62
 512 01e8 B1       		.byte	-79
 513 01e9 01       		.byte	1
ARM GAS  C:\Users\NGGMLGM\AppData\Local\Temp\ccwbHhAA.s 			page 10


 514 01ea B3       		.byte	-77
 515 01eb 1C       		.byte	28
 516 01ec B5       		.byte	-75
 517 01ed 20       		.byte	32
 518 01ee B6       		.byte	-74
 519 01ef 03       		.byte	3
 520 01f0 B7       		.byte	-73
 521 01f1 02       		.byte	2
 522 01f2 B9       		.byte	-71
 523 01f3 80       		.byte	-128
 524 01f4 BA       		.byte	-70
 525 01f5 02       		.byte	2
 526 01f6 BE       		.byte	-66
 527 01f7 40       		.byte	64
 528 01f8 BF       		.byte	-65
 529 01f9 10       		.byte	16
 530 01fa C0       		.byte	-64
 531 01fb 65       		.byte	101
 532 01fc C1       		.byte	-63
 533 01fd 04       		.byte	4
 534 01fe C2       		.byte	-62
 535 01ff 03       		.byte	3
 536 0200 C4       		.byte	-60
 537 0201 01       		.byte	1
 538 0202 C5       		.byte	-59
 539 0203 E0       		.byte	-32
 540 0204 C7       		.byte	-57
 541 0205 0C       		.byte	12
 542 0206 C8       		.byte	-56
 543 0207 12       		.byte	18
 544 0208 C9       		.byte	-55
 545 0209 FF       		.byte	-1
 546 020a CA       		.byte	-54
 547 020b FF       		.byte	-1
 548 020c CB       		.byte	-53
 549 020d FF       		.byte	-1
 550 020e CC       		.byte	-52
 551 020f 62       		.byte	98
 552 0210 CD       		.byte	-51
 553 0211 A0       		.byte	-96
 554 0212 CE       		.byte	-50
 555 0213 F0       		.byte	-16
 556 0214 CF       		.byte	-49
 557 0215 41       		.byte	65
 558 0216 D0       		.byte	-48
 559 0217 0C       		.byte	12
 560 0218 D6       		.byte	-42
 561 0219 02       		.byte	2
 562 021a D7       		.byte	-41
 563 021b 11       		.byte	17
 564 021c D8       		.byte	-40
 565 021d 04       		.byte	4
 566 021e D9       		.byte	-39
 567 021f 04       		.byte	4
 568 0220 DA       		.byte	-38
 569 0221 04       		.byte	4
 570 0222 DB       		.byte	-37
ARM GAS  C:\Users\NGGMLGM\AppData\Local\Temp\ccwbHhAA.s 			page 11


 571 0223 04       		.byte	4
 572 0224 DF       		.byte	-33
 573 0225 01       		.byte	1
 574 0226 E6       		.byte	-26
 575 0227 40       		.byte	64
 576 0228 E7       		.byte	-25
 577 0229 02       		.byte	2
 578 022a E9       		.byte	-23
 579 022b 10       		.byte	16
 580 022c EA       		.byte	-22
 581 022d 30       		.byte	48
 582 022e EB       		.byte	-21
 583 022f 10       		.byte	16
 584 0230 ED       		.byte	-19
 585 0231 10       		.byte	16
 586 0232 EE       		.byte	-18
 587 0233 10       		.byte	16
 588 0234 EF       		.byte	-17
 589 0235 12       		.byte	18
 590 0236 00       		.byte	0
 591 0237 10       		.byte	16
 592 0238 04       		.byte	4
 593 0239 08       		.byte	8
 594 023a 09       		.byte	9
 595 023b 40       		.byte	64
 596 023c 0B       		.byte	11
 597 023d 40       		.byte	64
 598 023e 0F       		.byte	15
 599 023f 01       		.byte	1
 600 0240 10       		.byte	16
 601 0241 80       		.byte	-128
 602 0242 12       		.byte	18
 603 0243 08       		.byte	8
 604 0244 17       		.byte	23
 605 0245 10       		.byte	16
 606 0246 18       		.byte	24
 607 0247 15       		.byte	21
 608 0248 1B       		.byte	27
 609 0249 02       		.byte	2
 610 024a 1D       		.byte	29
 611 024b 83       		.byte	-125
 612 024c 1E       		.byte	30
 613 024d 40       		.byte	64
 614 024e 24       		.byte	36
 615 024f 40       		.byte	64
 616 0250 25       		.byte	37
 617 0251 48       		.byte	72
 618 0252 26       		.byte	38
 619 0253 12       		.byte	18
 620 0254 2E       		.byte	46
 621 0255 40       		.byte	64
 622 0256 2F       		.byte	47
 623 0257 58       		.byte	88
 624 0258 35       		.byte	53
 625 0259 40       		.byte	64
 626 025a 37       		.byte	55
 627 025b 25       		.byte	37
ARM GAS  C:\Users\NGGMLGM\AppData\Local\Temp\ccwbHhAA.s 			page 12


 628 025c 3C       		.byte	60
 629 025d 60       		.byte	96
 630 025e 3D       		.byte	61
 631 025f 04       		.byte	4
 632 0260 3F       		.byte	63
 633 0261 10       		.byte	16
 634 0262 40       		.byte	64
 635 0263 01       		.byte	1
 636 0264 43       		.byte	67
 637 0265 20       		.byte	32
 638 0266 45       		.byte	69
 639 0267 8A       		.byte	-118
 640 0268 4C       		.byte	76
 641 0269 80       		.byte	-128
 642 026a 4E       		.byte	78
 643 026b 02       		.byte	2
 644 026c 4F       		.byte	79
 645 026d 10       		.byte	16
 646 026e 52       		.byte	82
 647 026f 08       		.byte	8
 648 0270 53       		.byte	83
 649 0271 20       		.byte	32
 650 0272 57       		.byte	87
 651 0273 04       		.byte	4
 652 0274 5E       		.byte	94
 653 0275 20       		.byte	32
 654 0276 6D       		.byte	109
 655 0277 04       		.byte	4
 656 0278 6F       		.byte	111
 657 0279 09       		.byte	9
 658 027a 73       		.byte	115
 659 027b 40       		.byte	64
 660 027c 75       		.byte	117
 661 027d 54       		.byte	84
 662 027e 77       		.byte	119
 663 027f 24       		.byte	36
 664 0280 90       		.byte	-112
 665 0281 08       		.byte	8
 666 0282 93       		.byte	-109
 667 0283 A1       		.byte	-95
 668 0284 94       		.byte	-108
 669 0285 44       		.byte	68
 670 0286 95       		.byte	-107
 671 0287 04       		.byte	4
 672 0288 96       		.byte	-106
 673 0289 40       		.byte	64
 674 028a 9B       		.byte	-101
 675 028b 10       		.byte	16
 676 028c 9D       		.byte	-99
 677 028d 55       		.byte	85
 678 028e A0       		.byte	-96
 679 028f 10       		.byte	16
 680 0290 A5       		.byte	-91
 681 0291 08       		.byte	8
 682 0292 A7       		.byte	-89
 683 0293 0E       		.byte	14
 684 0294 AC       		.byte	-84
ARM GAS  C:\Users\NGGMLGM\AppData\Local\Temp\ccwbHhAA.s 			page 13


 685 0295 10       		.byte	16
 686 0296 AE       		.byte	-82
 687 0297 20       		.byte	32
 688 0298 C0       		.byte	-64
 689 0299 22       		.byte	34
 690 029a C2       		.byte	-62
 691 029b 89       		.byte	-119
 692 029c C4       		.byte	-60
 693 029d 4A       		.byte	74
 694 029e CA       		.byte	-54
 695 029f F0       		.byte	-16
 696 02a0 CC       		.byte	-52
 697 02a1 F0       		.byte	-16
 698 02a2 CE       		.byte	-50
 699 02a3 70       		.byte	112
 700 02a4 D0       		.byte	-48
 701 02a5 DC       		.byte	-36
 702 02a6 D2       		.byte	-46
 703 02a7 30       		.byte	48
 704 02a8 D6       		.byte	-42
 705 02a9 20       		.byte	32
 706 02aa 00       		.byte	0
 707 02ab FF       		.byte	-1
 708 02ac 01       		.byte	1
 709 02ad 8A       		.byte	-118
 710 02ae 03       		.byte	3
 711 02af 31       		.byte	49
 712 02b0 04       		.byte	4
 713 02b1 0C       		.byte	12
 714 02b2 07       		.byte	7
 715 02b3 0C       		.byte	12
 716 02b4 08       		.byte	8
 717 02b5 04       		.byte	4
 718 02b6 09       		.byte	9
 719 02b7 2C       		.byte	44
 720 02b8 0B       		.byte	11
 721 02b9 C0       		.byte	-64
 722 02ba 0C       		.byte	12
 723 02bb 08       		.byte	8
 724 02bc 0F       		.byte	15
 725 02bd 0C       		.byte	12
 726 02be 12       		.byte	18
 727 02bf B3       		.byte	-77
 728 02c0 13       		.byte	19
 729 02c1 0C       		.byte	12
 730 02c2 14       		.byte	20
 731 02c3 03       		.byte	3
 732 02c4 15       		.byte	21
 733 02c5 45       		.byte	69
 734 02c6 17       		.byte	23
 735 02c7 22       		.byte	34
 736 02c8 18       		.byte	24
 737 02c9 4C       		.byte	76
 738 02ca 19       		.byte	25
 739 02cb 0C       		.byte	12
 740 02cc 1A       		.byte	26
 741 02cd A3       		.byte	-93
ARM GAS  C:\Users\NGGMLGM\AppData\Local\Temp\ccwbHhAA.s 			page 14


 742 02ce 1C       		.byte	28
 743 02cf 42       		.byte	66
 744 02d0 20       		.byte	32
 745 02d1 4F       		.byte	79
 746 02d2 22       		.byte	34
 747 02d3 90       		.byte	-112
 748 02d4 24       		.byte	36
 749 02d5 F3       		.byte	-13
 750 02d6 25       		.byte	37
 751 02d7 E3       		.byte	-29
 752 02d8 26       		.byte	38
 753 02d9 0C       		.byte	12
 754 02da 28       		.byte	40
 755 02db 01       		.byte	1
 756 02dc 29       		.byte	41
 757 02dd E3       		.byte	-29
 758 02de 2D       		.byte	45
 759 02df 0C       		.byte	12
 760 02e0 2E       		.byte	46
 761 02e1 40       		.byte	64
 762 02e2 31       		.byte	49
 763 02e3 10       		.byte	16
 764 02e4 32       		.byte	50
 765 02e5 0F       		.byte	15
 766 02e6 33       		.byte	51
 767 02e7 03       		.byte	3
 768 02e8 34       		.byte	52
 769 02e9 7C       		.byte	124
 770 02ea 35       		.byte	53
 771 02eb E0       		.byte	-32
 772 02ec 36       		.byte	54
 773 02ed 8C       		.byte	-116
 774 02ee 37       		.byte	55
 775 02ef 0C       		.byte	12
 776 02f0 3A       		.byte	58
 777 02f1 A8       		.byte	-88
 778 02f2 56       		.byte	86
 779 02f3 08       		.byte	8
 780 02f4 58       		.byte	88
 781 02f5 04       		.byte	4
 782 02f6 59       		.byte	89
 783 02f7 04       		.byte	4
 784 02f8 5B       		.byte	91
 785 02f9 04       		.byte	4
 786 02fa 5D       		.byte	93
 787 02fb 90       		.byte	-112
 788 02fc 5F       		.byte	95
 789 02fd 01       		.byte	1
 790 02fe 85       		.byte	-123
 791 02ff 02       		.byte	2
 792 0300 86       		.byte	-122
 793 0301 0C       		.byte	12
 794 0302 88       		.byte	-120
 795 0303 01       		.byte	1
 796 0304 8A       		.byte	-118
 797 0305 06       		.byte	6
 798 0306 8B       		.byte	-117
ARM GAS  C:\Users\NGGMLGM\AppData\Local\Temp\ccwbHhAA.s 			page 15


 799 0307 02       		.byte	2
 800 0308 94       		.byte	-108
 801 0309 0C       		.byte	12
 802 030a 96       		.byte	-106
 803 030b 03       		.byte	3
 804 030c 97       		.byte	-105
 805 030d 01       		.byte	1
 806 030e 99       		.byte	-103
 807 030f 04       		.byte	4
 808 0310 9C       		.byte	-100
 809 0311 01       		.byte	1
 810 0312 9E       		.byte	-98
 811 0313 0E       		.byte	14
 812 0314 A1       		.byte	-95
 813 0315 02       		.byte	2
 814 0316 A2       		.byte	-94
 815 0317 08       		.byte	8
 816 0318 A6       		.byte	-90
 817 0319 03       		.byte	3
 818 031a AB       		.byte	-85
 819 031b 01       		.byte	1
 820 031c B1       		.byte	-79
 821 031d 01       		.byte	1
 822 031e B2       		.byte	-78
 823 031f 0F       		.byte	15
 824 0320 B5       		.byte	-75
 825 0321 06       		.byte	6
 826 0322 B9       		.byte	-71
 827 0323 20       		.byte	32
 828 0324 BA       		.byte	-70
 829 0325 08       		.byte	8
 830 0326 BF       		.byte	-65
 831 0327 01       		.byte	1
 832 0328 D8       		.byte	-40
 833 0329 04       		.byte	4
 834 032a D9       		.byte	-39
 835 032b 04       		.byte	4
 836 032c DF       		.byte	-33
 837 032d 01       		.byte	1
 838 032e 02       		.byte	2
 839 032f 24       		.byte	36
 840 0330 03       		.byte	3
 841 0331 04       		.byte	4
 842 0332 05       		.byte	5
 843 0333 55       		.byte	85
 844 0334 08       		.byte	8
 845 0335 42       		.byte	66
 846 0336 09       		.byte	9
 847 0337 02       		.byte	2
 848 0338 0A       		.byte	10
 849 0339 20       		.byte	32
 850 033a 0D       		.byte	13
 851 033b 20       		.byte	32
 852 033c 0E       		.byte	14
 853 033d 20       		.byte	32
 854 033e 0F       		.byte	15
 855 033f 81       		.byte	-127
ARM GAS  C:\Users\NGGMLGM\AppData\Local\Temp\ccwbHhAA.s 			page 16


 856 0340 10       		.byte	16
 857 0341 A0       		.byte	-96
 858 0342 14       		.byte	20
 859 0343 10       		.byte	16
 860 0344 16       		.byte	22
 861 0345 60       		.byte	96
 862 0346 17       		.byte	23
 863 0347 50       		.byte	80
 864 0348 18       		.byte	24
 865 0349 20       		.byte	32
 866 034a 1A       		.byte	26
 867 034b 20       		.byte	32
 868 034c 1C       		.byte	28
 869 034d 28       		.byte	40
 870 034e 1D       		.byte	29
 871 034f 20       		.byte	32
 872 0350 1E       		.byte	30
 873 0351 02       		.byte	2
 874 0352 1F       		.byte	31
 875 0353 50       		.byte	80
 876 0354 21       		.byte	33
 877 0355 02       		.byte	2
 878 0356 22       		.byte	34
 879 0357 20       		.byte	32
 880 0358 24       		.byte	36
 881 0359 08       		.byte	8
 882 035a 25       		.byte	37
 883 035b 10       		.byte	16
 884 035c 26       		.byte	38
 885 035d 14       		.byte	20
 886 035e 27       		.byte	39
 887 035f 51       		.byte	81
 888 0360 28       		.byte	40
 889 0361 40       		.byte	64
 890 0362 2B       		.byte	43
 891 0363 04       		.byte	4
 892 0364 2D       		.byte	45
 893 0365 04       		.byte	4
 894 0366 2E       		.byte	46
 895 0367 40       		.byte	64
 896 0368 2F       		.byte	47
 897 0369 08       		.byte	8
 898 036a 30       		.byte	48
 899 036b 20       		.byte	32
 900 036c 31       		.byte	49
 901 036d 08       		.byte	8
 902 036e 34       		.byte	52
 903 036f 10       		.byte	16
 904 0370 36       		.byte	54
 905 0371 05       		.byte	5
 906 0372 38       		.byte	56
 907 0373 20       		.byte	32
 908 0374 3A       		.byte	58
 909 0375 44       		.byte	68
 910 0376 3B       		.byte	59
 911 0377 80       		.byte	-128
 912 0378 3C       		.byte	60
ARM GAS  C:\Users\NGGMLGM\AppData\Local\Temp\ccwbHhAA.s 			page 17


 913 0379 48       		.byte	72
 914 037a 3D       		.byte	61
 915 037b 20       		.byte	32
 916 037c 3F       		.byte	63
 917 037d 81       		.byte	-127
 918 037e 5F       		.byte	95
 919 037f 40       		.byte	64
 920 0380 67       		.byte	103
 921 0381 01       		.byte	1
 922 0382 83       		.byte	-125
 923 0383 02       		.byte	2
 924 0384 93       		.byte	-109
 925 0385 40       		.byte	64
 926 0386 94       		.byte	-108
 927 0387 24       		.byte	36
 928 0388 98       		.byte	-104
 929 0389 40       		.byte	64
 930 038a 9B       		.byte	-101
 931 038b 04       		.byte	4
 932 038c 9C       		.byte	-100
 933 038d 02       		.byte	2
 934 038e 9F       		.byte	-97
 935 038f 01       		.byte	1
 936 0390 A0       		.byte	-96
 937 0391 A0       		.byte	-96
 938 0392 A6       		.byte	-90
 939 0393 20       		.byte	32
 940 0394 A8       		.byte	-88
 941 0395 40       		.byte	64
 942 0396 C0       		.byte	-64
 943 0397 F6       		.byte	-10
 944 0398 C2       		.byte	-62
 945 0399 F5       		.byte	-11
 946 039a C4       		.byte	-60
 947 039b FC       		.byte	-4
 948 039c CA       		.byte	-54
 949 039d 75       		.byte	117
 950 039e CC       		.byte	-52
 951 039f E6       		.byte	-26
 952 03a0 CE       		.byte	-50
 953 03a1 F6       		.byte	-10
 954 03a2 D6       		.byte	-42
 955 03a3 10       		.byte	16
 956 03a4 D8       		.byte	-40
 957 03a5 10       		.byte	16
 958 03a6 33       		.byte	51
 959 03a7 80       		.byte	-128
 960 03a8 35       		.byte	53
 961 03a9 10       		.byte	16
 962 03aa CC       		.byte	-52
 963 03ab 30       		.byte	48
 964 03ac 00       		.byte	0
 965 03ad 08       		.byte	8
 966 03ae 50       		.byte	80
 967 03af 10       		.byte	16
 968 03b0 5D       		.byte	93
 969 03b1 80       		.byte	-128
ARM GAS  C:\Users\NGGMLGM\AppData\Local\Temp\ccwbHhAA.s 			page 18


 970 03b2 81       		.byte	-127
 971 03b3 10       		.byte	16
 972 03b4 9D       		.byte	-99
 973 03b5 10       		.byte	16
 974 03b6 A7       		.byte	-89
 975 03b7 80       		.byte	-128
 976 03b8 C0       		.byte	-64
 977 03b9 10       		.byte	16
 978 03ba D4       		.byte	-44
 979 03bb 20       		.byte	32
 980 03bc D6       		.byte	-42
 981 03bd 20       		.byte	32
 982 03be E6       		.byte	-26
 983 03bf 20       		.byte	32
 984 03c0 94       		.byte	-108
 985 03c1 20       		.byte	32
 986 03c2 9D       		.byte	-99
 987 03c3 80       		.byte	-128
 988 03c4 A7       		.byte	-89
 989 03c5 80       		.byte	-128
 990 03c6 AC       		.byte	-84
 991 03c7 04       		.byte	4
 992 03c8 EC       		.byte	-20
 993 03c9 40       		.byte	64
 994 03ca 89       		.byte	-119
 995 03cb 80       		.byte	-128
 996 03cc 94       		.byte	-108
 997 03cd 20       		.byte	32
 998 03ce 9D       		.byte	-99
 999 03cf 80       		.byte	-128
 1000 03d0 A7       		.byte	-89
 1001 03d1 80       		.byte	-128
 1002 03d2 80       		.byte	-128
 1003 03d3 10       		.byte	16
 1004 03d4 94       		.byte	-108
 1005 03d5 20       		.byte	32
 1006 03d6 AB       		.byte	-85
 1007 03d7 80       		.byte	-128
 1008 03d8 E2       		.byte	-30
 1009 03d9 20       		.byte	32
 1010 03da EE       		.byte	-18
 1011 03db 20       		.byte	32
 1012 03dc 00       		.byte	0
 1013 03dd 01       		.byte	1
 1014 03de 0A       		.byte	10
 1015 03df 01       		.byte	1
 1016 03e0 10       		.byte	16
 1017 03e1 03       		.byte	3
 1018 03e2 11       		.byte	17
 1019 03e3 01       		.byte	1
 1020 03e4 1A       		.byte	26
 1021 03e5 03       		.byte	3
 1022 03e6 1B       		.byte	27
 1023 03e7 01       		.byte	1
 1024 03e8 00       		.byte	0
 1025 03e9 0F       		.byte	15
 1026 03ea 00       		.byte	0
ARM GAS  C:\Users\NGGMLGM\AppData\Local\Temp\ccwbHhAA.s 			page 19


 1027 03eb 00       		.byte	0
 1028 03ec 02       		.byte	2
 1029 03ed 00       		.byte	0
 1030 03ee 01       		.byte	1
 1031 03ef 06       		.byte	6
 1032 03f0 06       		.byte	6
 1033 03f1 00       		.byte	0
 1034 03f2 06       		.byte	6
 1035 03f3 00       		.byte	0
 1036 03f4 00       		.byte	0
 1037 03f5 00       		.byte	0
 1038 03f6 00       		.byte	0
 1039 03f7 00       		.byte	0
 1040 03f8 00       		.byte	0
 1041 03f9 0B       		.byte	11
 1042 03fa 0B       		.byte	11
 1043 03fb 00       		.byte	0
 1044 03fc 00       		.byte	0
 1045 03fd 00       		.byte	0
 1046 03fe 00       		.byte	0
 1047 03ff 00       		.byte	0
 1048              		.global	cy_meta_custnvl
 1049              		.section	.cycustnvl,"a",%progbits
 1050              		.align	2
 1051              		.type	cy_meta_custnvl, %object
 1052              		.size	cy_meta_custnvl, 4
 1053              	cy_meta_custnvl:
 1054 0000 00       		.byte	0
 1055 0001 00       		.byte	0
 1056 0002 40       		.byte	64
 1057 0003 05       		.byte	5
 1058              		.global	cy_meta_wonvl
 1059              		.section	.cywolatch,"a",%progbits
 1060              		.align	2
 1061              		.type	cy_meta_wonvl, %object
 1062              		.size	cy_meta_wonvl, 4
 1063              	cy_meta_wonvl:
 1064 0000 BC       		.byte	-68
 1065 0001 90       		.byte	-112
 1066 0002 AC       		.byte	-84
 1067 0003 AF       		.byte	-81
 1068              		.global	cy_meta_flashprotect
 1069              		.section	.cyflashprotect,"a",%progbits
 1070              		.align	2
 1071              		.type	cy_meta_flashprotect, %object
 1072              		.size	cy_meta_flashprotect, 256
 1073              	cy_meta_flashprotect:
 1074 0000 00000000 		.space	256
 1074      00000000 
 1074      00000000 
 1074      00000000 
 1074      00000000 
 1075              		.global	cy_metadata
 1076              		.section	.cymeta,"a",%progbits
 1077              		.align	2
 1078              		.type	cy_metadata, %object
 1079              		.size	cy_metadata, 12
ARM GAS  C:\Users\NGGMLGM\AppData\Local\Temp\ccwbHhAA.s 			page 20


 1080              	cy_metadata:
 1081 0000 00       		.byte	0
 1082 0001 01       		.byte	1
 1083 0002 2E       		.byte	46
 1084 0003 12       		.byte	18
 1085 0004 70       		.byte	112
 1086 0005 69       		.byte	105
 1087 0006 00       		.byte	0
 1088 0007 01       		.byte	1
 1089 0008 00       		.byte	0
 1090 0009 00       		.byte	0
 1091 000a 00       		.byte	0
 1092 000b 00       		.byte	0
 1093              		.text
 1094              	.Letext0:
 1095              		.file 1 "Generated_Source\\PSoC5\\cymetadata.c"
 1096              		.file 2 "Generated_Source\\PSoC5\\cytypes.h"
 1097              		.section	.debug_info,"",%progbits
 1098              	.Ldebug_info0:
 1099 0000 37010000 		.4byte	0x137
 1100 0004 0400     		.2byte	0x4
 1101 0006 00000000 		.4byte	.Ldebug_abbrev0
 1102 000a 04       		.byte	0x4
 1103 000b 01       		.uleb128 0x1
 1104 000c 00000000 		.4byte	.LASF18
 1105 0010 01       		.byte	0x1
 1106 0011 F0010000 		.4byte	.LASF19
 1107 0015 09010000 		.4byte	.LASF20
 1108 0019 00000000 		.4byte	.Ldebug_line0
 1109 001d 02       		.uleb128 0x2
 1110 001e 01       		.byte	0x1
 1111 001f 06       		.byte	0x6
 1112 0020 E4010000 		.4byte	.LASF0
 1113 0024 02       		.uleb128 0x2
 1114 0025 01       		.byte	0x1
 1115 0026 08       		.byte	0x8
 1116 0027 A0000000 		.4byte	.LASF1
 1117 002b 02       		.uleb128 0x2
 1118 002c 02       		.byte	0x2
 1119 002d 05       		.byte	0x5
 1120 002e CB010000 		.4byte	.LASF2
 1121 0032 02       		.uleb128 0x2
 1122 0033 02       		.byte	0x2
 1123 0034 07       		.byte	0x7
 1124 0035 C0000000 		.4byte	.LASF3
 1125 0039 02       		.uleb128 0x2
 1126 003a 04       		.byte	0x4
 1127 003b 05       		.byte	0x5
 1128 003c DB010000 		.4byte	.LASF4
 1129 0040 02       		.uleb128 0x2
 1130 0041 04       		.byte	0x4
 1131 0042 07       		.byte	0x7
 1132 0043 AE000000 		.4byte	.LASF5
 1133 0047 02       		.uleb128 0x2
 1134 0048 08       		.byte	0x8
 1135 0049 05       		.byte	0x5
 1136 004a B8010000 		.4byte	.LASF6
ARM GAS  C:\Users\NGGMLGM\AppData\Local\Temp\ccwbHhAA.s 			page 21


 1137 004e 02       		.uleb128 0x2
 1138 004f 08       		.byte	0x8
 1139 0050 07       		.byte	0x7
 1140 0051 75010000 		.4byte	.LASF7
 1141 0055 03       		.uleb128 0x3
 1142 0056 04       		.byte	0x4
 1143 0057 05       		.byte	0x5
 1144 0058 696E7400 		.ascii	"int\000"
 1145 005c 02       		.uleb128 0x2
 1146 005d 04       		.byte	0x4
 1147 005e 07       		.byte	0x7
 1148 005f FC000000 		.4byte	.LASF8
 1149 0063 04       		.uleb128 0x4
 1150 0064 D5010000 		.4byte	.LASF21
 1151 0068 02       		.byte	0x2
 1152 0069 9201     		.2byte	0x192
 1153 006b 24000000 		.4byte	0x24
 1154 006f 02       		.uleb128 0x2
 1155 0070 04       		.byte	0x4
 1156 0071 04       		.byte	0x4
 1157 0072 9A000000 		.4byte	.LASF9
 1158 0076 02       		.uleb128 0x2
 1159 0077 08       		.byte	0x8
 1160 0078 04       		.byte	0x4
 1161 0079 D3000000 		.4byte	.LASF10
 1162 007d 02       		.uleb128 0x2
 1163 007e 01       		.byte	0x1
 1164 007f 08       		.byte	0x8
 1165 0080 C6010000 		.4byte	.LASF11
 1166 0084 05       		.uleb128 0x5
 1167 0085 63000000 		.4byte	0x63
 1168 0089 95000000 		.4byte	0x95
 1169 008d 06       		.uleb128 0x6
 1170 008e 95000000 		.4byte	0x95
 1171 0092 FF03     		.2byte	0x3ff
 1172 0094 00       		.byte	0
 1173 0095 02       		.uleb128 0x2
 1174 0096 04       		.byte	0x4
 1175 0097 07       		.byte	0x7
 1176 0098 AF010000 		.4byte	.LASF12
 1177 009c 07       		.uleb128 0x7
 1178 009d EA000000 		.4byte	.LASF13
 1179 00a1 01       		.byte	0x1
 1180 00a2 1F       		.byte	0x1f
 1181 00a3 AD000000 		.4byte	0xad
 1182 00a7 05       		.uleb128 0x5
 1183 00a8 03       		.byte	0x3
 1184 00a9 00000000 		.4byte	cy_meta_configecc
 1185 00ad 08       		.uleb128 0x8
 1186 00ae 84000000 		.4byte	0x84
 1187 00b2 05       		.uleb128 0x5
 1188 00b3 63000000 		.4byte	0x63
 1189 00b7 C2000000 		.4byte	0xc2
 1190 00bb 09       		.uleb128 0x9
 1191 00bc 95000000 		.4byte	0x95
 1192 00c0 03       		.byte	0x3
 1193 00c1 00       		.byte	0
ARM GAS  C:\Users\NGGMLGM\AppData\Local\Temp\ccwbHhAA.s 			page 22


 1194 00c2 07       		.uleb128 0x7
 1195 00c3 DA000000 		.4byte	.LASF14
 1196 00c7 01       		.byte	0x1
 1197 00c8 AC       		.byte	0xac
 1198 00c9 D3000000 		.4byte	0xd3
 1199 00cd 05       		.uleb128 0x5
 1200 00ce 03       		.byte	0x3
 1201 00cf 00000000 		.4byte	cy_meta_custnvl
 1202 00d3 08       		.uleb128 0x8
 1203 00d4 B2000000 		.4byte	0xb2
 1204 00d8 07       		.uleb128 0x7
 1205 00d9 A1010000 		.4byte	.LASF15
 1206 00dd 01       		.byte	0x1
 1207 00de BA       		.byte	0xba
 1208 00df E9000000 		.4byte	0xe9
 1209 00e3 05       		.uleb128 0x5
 1210 00e4 03       		.byte	0x3
 1211 00e5 00000000 		.4byte	cy_meta_wonvl
 1212 00e9 08       		.uleb128 0x8
 1213 00ea B2000000 		.4byte	0xb2
 1214 00ee 05       		.uleb128 0x5
 1215 00ef 63000000 		.4byte	0x63
 1216 00f3 FE000000 		.4byte	0xfe
 1217 00f7 09       		.uleb128 0x9
 1218 00f8 95000000 		.4byte	0x95
 1219 00fc FF       		.byte	0xff
 1220 00fd 00       		.byte	0
 1221 00fe 07       		.uleb128 0x7
 1222 00ff 8C010000 		.4byte	.LASF16
 1223 0103 01       		.byte	0x1
 1224 0104 C8       		.byte	0xc8
 1225 0105 0F010000 		.4byte	0x10f
 1226 0109 05       		.uleb128 0x5
 1227 010a 03       		.byte	0x3
 1228 010b 00000000 		.4byte	cy_meta_flashprotect
 1229 010f 08       		.uleb128 0x8
 1230 0110 EE000000 		.4byte	0xee
 1231 0114 05       		.uleb128 0x5
 1232 0115 63000000 		.4byte	0x63
 1233 0119 24010000 		.4byte	0x124
 1234 011d 09       		.uleb128 0x9
 1235 011e 95000000 		.4byte	0x95
 1236 0122 0B       		.byte	0xb
 1237 0123 00       		.byte	0
 1238 0124 07       		.uleb128 0x7
 1239 0125 8E000000 		.4byte	.LASF17
 1240 0129 01       		.byte	0x1
 1241 012a F5       		.byte	0xf5
 1242 012b 35010000 		.4byte	0x135
 1243 012f 05       		.uleb128 0x5
 1244 0130 03       		.byte	0x3
 1245 0131 00000000 		.4byte	cy_metadata
 1246 0135 08       		.uleb128 0x8
 1247 0136 14010000 		.4byte	0x114
 1248 013a 00       		.byte	0
 1249              		.section	.debug_abbrev,"",%progbits
 1250              	.Ldebug_abbrev0:
ARM GAS  C:\Users\NGGMLGM\AppData\Local\Temp\ccwbHhAA.s 			page 23


 1251 0000 01       		.uleb128 0x1
 1252 0001 11       		.uleb128 0x11
 1253 0002 01       		.byte	0x1
 1254 0003 25       		.uleb128 0x25
 1255 0004 0E       		.uleb128 0xe
 1256 0005 13       		.uleb128 0x13
 1257 0006 0B       		.uleb128 0xb
 1258 0007 03       		.uleb128 0x3
 1259 0008 0E       		.uleb128 0xe
 1260 0009 1B       		.uleb128 0x1b
 1261 000a 0E       		.uleb128 0xe
 1262 000b 10       		.uleb128 0x10
 1263 000c 17       		.uleb128 0x17
 1264 000d 00       		.byte	0
 1265 000e 00       		.byte	0
 1266 000f 02       		.uleb128 0x2
 1267 0010 24       		.uleb128 0x24
 1268 0011 00       		.byte	0
 1269 0012 0B       		.uleb128 0xb
 1270 0013 0B       		.uleb128 0xb
 1271 0014 3E       		.uleb128 0x3e
 1272 0015 0B       		.uleb128 0xb
 1273 0016 03       		.uleb128 0x3
 1274 0017 0E       		.uleb128 0xe
 1275 0018 00       		.byte	0
 1276 0019 00       		.byte	0
 1277 001a 03       		.uleb128 0x3
 1278 001b 24       		.uleb128 0x24
 1279 001c 00       		.byte	0
 1280 001d 0B       		.uleb128 0xb
 1281 001e 0B       		.uleb128 0xb
 1282 001f 3E       		.uleb128 0x3e
 1283 0020 0B       		.uleb128 0xb
 1284 0021 03       		.uleb128 0x3
 1285 0022 08       		.uleb128 0x8
 1286 0023 00       		.byte	0
 1287 0024 00       		.byte	0
 1288 0025 04       		.uleb128 0x4
 1289 0026 16       		.uleb128 0x16
 1290 0027 00       		.byte	0
 1291 0028 03       		.uleb128 0x3
 1292 0029 0E       		.uleb128 0xe
 1293 002a 3A       		.uleb128 0x3a
 1294 002b 0B       		.uleb128 0xb
 1295 002c 3B       		.uleb128 0x3b
 1296 002d 05       		.uleb128 0x5
 1297 002e 49       		.uleb128 0x49
 1298 002f 13       		.uleb128 0x13
 1299 0030 00       		.byte	0
 1300 0031 00       		.byte	0
 1301 0032 05       		.uleb128 0x5
 1302 0033 01       		.uleb128 0x1
 1303 0034 01       		.byte	0x1
 1304 0035 49       		.uleb128 0x49
 1305 0036 13       		.uleb128 0x13
 1306 0037 01       		.uleb128 0x1
 1307 0038 13       		.uleb128 0x13
ARM GAS  C:\Users\NGGMLGM\AppData\Local\Temp\ccwbHhAA.s 			page 24


 1308 0039 00       		.byte	0
 1309 003a 00       		.byte	0
 1310 003b 06       		.uleb128 0x6
 1311 003c 21       		.uleb128 0x21
 1312 003d 00       		.byte	0
 1313 003e 49       		.uleb128 0x49
 1314 003f 13       		.uleb128 0x13
 1315 0040 2F       		.uleb128 0x2f
 1316 0041 05       		.uleb128 0x5
 1317 0042 00       		.byte	0
 1318 0043 00       		.byte	0
 1319 0044 07       		.uleb128 0x7
 1320 0045 34       		.uleb128 0x34
 1321 0046 00       		.byte	0
 1322 0047 03       		.uleb128 0x3
 1323 0048 0E       		.uleb128 0xe
 1324 0049 3A       		.uleb128 0x3a
 1325 004a 0B       		.uleb128 0xb
 1326 004b 3B       		.uleb128 0x3b
 1327 004c 0B       		.uleb128 0xb
 1328 004d 49       		.uleb128 0x49
 1329 004e 13       		.uleb128 0x13
 1330 004f 3F       		.uleb128 0x3f
 1331 0050 19       		.uleb128 0x19
 1332 0051 02       		.uleb128 0x2
 1333 0052 18       		.uleb128 0x18
 1334 0053 00       		.byte	0
 1335 0054 00       		.byte	0
 1336 0055 08       		.uleb128 0x8
 1337 0056 26       		.uleb128 0x26
 1338 0057 00       		.byte	0
 1339 0058 49       		.uleb128 0x49
 1340 0059 13       		.uleb128 0x13
 1341 005a 00       		.byte	0
 1342 005b 00       		.byte	0
 1343 005c 09       		.uleb128 0x9
 1344 005d 21       		.uleb128 0x21
 1345 005e 00       		.byte	0
 1346 005f 49       		.uleb128 0x49
 1347 0060 13       		.uleb128 0x13
 1348 0061 2F       		.uleb128 0x2f
 1349 0062 0B       		.uleb128 0xb
 1350 0063 00       		.byte	0
 1351 0064 00       		.byte	0
 1352 0065 00       		.byte	0
 1353              		.section	.debug_aranges,"",%progbits
 1354 0000 14000000 		.4byte	0x14
 1355 0004 0200     		.2byte	0x2
 1356 0006 00000000 		.4byte	.Ldebug_info0
 1357 000a 04       		.byte	0x4
 1358 000b 00       		.byte	0
 1359 000c 0000     		.2byte	0
 1360 000e 0000     		.2byte	0
 1361 0010 00000000 		.4byte	0
 1362 0014 00000000 		.4byte	0
 1363              		.section	.debug_line,"",%progbits
 1364              	.Ldebug_line0:
ARM GAS  C:\Users\NGGMLGM\AppData\Local\Temp\ccwbHhAA.s 			page 25


 1365 0000 4D000000 		.section	.debug_str,"MS",%progbits,1
 1365      02004700 
 1365      00000201 
 1365      FB0E0D00 
 1365      01010101 
 1366              	.LASF18:
 1367 0000 474E5520 		.ascii	"GNU C 4.9.3 20150303 (release) [ARM/embedded-4_9-br"
 1367      4320342E 
 1367      392E3320 
 1367      32303135 
 1367      30333033 
 1368 0033 616E6368 		.ascii	"anch revision 221220] -mcpu=cortex-m3 -mthumb -g -O"
 1368      20726576 
 1368      6973696F 
 1368      6E203232 
 1368      31323230 
 1369 0066 30202D66 		.ascii	"0 -ffunction-sections -ffat-lto-objects\000"
 1369      66756E63 
 1369      74696F6E 
 1369      2D736563 
 1369      74696F6E 
 1370              	.LASF17:
 1371 008e 63795F6D 		.ascii	"cy_metadata\000"
 1371      65746164 
 1371      61746100 
 1372              	.LASF9:
 1373 009a 666C6F61 		.ascii	"float\000"
 1373      7400
 1374              	.LASF1:
 1375 00a0 756E7369 		.ascii	"unsigned char\000"
 1375      676E6564 
 1375      20636861 
 1375      7200
 1376              	.LASF5:
 1377 00ae 6C6F6E67 		.ascii	"long unsigned int\000"
 1377      20756E73 
 1377      69676E65 
 1377      6420696E 
 1377      7400
 1378              	.LASF3:
 1379 00c0 73686F72 		.ascii	"short unsigned int\000"
 1379      7420756E 
 1379      7369676E 
 1379      65642069 
 1379      6E7400
 1380              	.LASF10:
 1381 00d3 646F7562 		.ascii	"double\000"
 1381      6C6500
 1382              	.LASF14:
 1383 00da 63795F6D 		.ascii	"cy_meta_custnvl\000"
 1383      6574615F 
 1383      63757374 
 1383      6E766C00 
 1384              	.LASF13:
 1385 00ea 63795F6D 		.ascii	"cy_meta_configecc\000"
 1385      6574615F 
 1385      636F6E66 
ARM GAS  C:\Users\NGGMLGM\AppData\Local\Temp\ccwbHhAA.s 			page 26


 1385      69676563 
 1385      6300
 1386              	.LASF8:
 1387 00fc 756E7369 		.ascii	"unsigned int\000"
 1387      676E6564 
 1387      20696E74 
 1387      00
 1388              	.LASF20:
 1389 0109 433A5C55 		.ascii	"C:\\Users\\NGGMLGM\\Documents\\UWE\\GDIP\\GDIP\\Fre"
 1389      73657273 
 1389      5C4E4747 
 1389      4D4C474D 
 1389      5C446F63 
 1390 0135 6552544F 		.ascii	"eRTOS\\Demo\\CORTEX_CY8C5588_PSoC_Creator_GCC\\Free"
 1390      535C4465 
 1390      6D6F5C43 
 1390      4F525445 
 1390      585F4359 
 1391 0165 52544F53 		.ascii	"RTOS_Demo.cydsn\000"
 1391      5F44656D 
 1391      6F2E6379 
 1391      64736E00 
 1392              	.LASF7:
 1393 0175 6C6F6E67 		.ascii	"long long unsigned int\000"
 1393      206C6F6E 
 1393      6720756E 
 1393      7369676E 
 1393      65642069 
 1394              	.LASF16:
 1395 018c 63795F6D 		.ascii	"cy_meta_flashprotect\000"
 1395      6574615F 
 1395      666C6173 
 1395      6870726F 
 1395      74656374 
 1396              	.LASF15:
 1397 01a1 63795F6D 		.ascii	"cy_meta_wonvl\000"
 1397      6574615F 
 1397      776F6E76 
 1397      6C00
 1398              	.LASF12:
 1399 01af 73697A65 		.ascii	"sizetype\000"
 1399      74797065 
 1399      00
 1400              	.LASF6:
 1401 01b8 6C6F6E67 		.ascii	"long long int\000"
 1401      206C6F6E 
 1401      6720696E 
 1401      7400
 1402              	.LASF11:
 1403 01c6 63686172 		.ascii	"char\000"
 1403      00
 1404              	.LASF2:
 1405 01cb 73686F72 		.ascii	"short int\000"
 1405      7420696E 
 1405      7400
 1406              	.LASF21:
 1407 01d5 75696E74 		.ascii	"uint8\000"
ARM GAS  C:\Users\NGGMLGM\AppData\Local\Temp\ccwbHhAA.s 			page 27


 1407      3800
 1408              	.LASF4:
 1409 01db 6C6F6E67 		.ascii	"long int\000"
 1409      20696E74 
 1409      00
 1410              	.LASF0:
 1411 01e4 7369676E 		.ascii	"signed char\000"
 1411      65642063 
 1411      68617200 
 1412              	.LASF19:
 1413 01f0 47656E65 		.ascii	"Generated_Source\\PSoC5\\cymetadata.c\000"
 1413      72617465 
 1413      645F536F 
 1413      75726365 
 1413      5C50536F 
 1414              		.ident	"GCC: (GNU Tools for ARM Embedded Processors) 4.9.3 20150303 (release) [ARM/embedded-4_9-br
