ARM GAS  C:\Users\NGGMLGM\AppData\Local\Temp\ccA2OrIs.s 			page 1


   1              		.syntax unified
   2              		.cpu cortex-m3
   3              		.fpu softvfp
   4              		.eabi_attribute 20, 1
   5              		.eabi_attribute 21, 1
   6              		.eabi_attribute 23, 3
   7              		.eabi_attribute 24, 1
   8              		.eabi_attribute 25, 1
   9              		.eabi_attribute 26, 1
  10              		.eabi_attribute 30, 6
  11              		.eabi_attribute 34, 1
  12              		.eabi_attribute 18, 4
  13              		.thumb
  14              		.file	"IntQueueTimer.c"
  15              		.text
  16              	.Ltext0:
  17              		.cfi_sections	.debug_frame
  18              		.section	.text.vInitialiseTimerForIntQueueTest,"ax",%progbits
  19              		.align	2
  20              		.global	vInitialiseTimerForIntQueueTest
  21              		.thumb
  22              		.thumb_func
  23              		.type	vInitialiseTimerForIntQueueTest, %function
  24              	vInitialiseTimerForIntQueueTest:
  25              	.LFB68:
  26              		.file 1 "IntQueueTimer.c"
   1:IntQueueTimer.c **** /*
   2:IntQueueTimer.c ****     FreeRTOS V9.0.0rc2 - Copyright (C) 2016 Real Time Engineers Ltd.
   3:IntQueueTimer.c ****     All rights reserved
   4:IntQueueTimer.c **** 
   5:IntQueueTimer.c ****     VISIT http://www.FreeRTOS.org TO ENSURE YOU ARE USING THE LATEST VERSION.
   6:IntQueueTimer.c **** 
   7:IntQueueTimer.c ****     This file is part of the FreeRTOS distribution.
   8:IntQueueTimer.c **** 
   9:IntQueueTimer.c ****     FreeRTOS is free software; you can redistribute it and/or modify it under
  10:IntQueueTimer.c ****     the terms of the GNU General Public License (version 2) as published by the
  11:IntQueueTimer.c ****     Free Software Foundation >>>> AND MODIFIED BY <<<< the FreeRTOS exception.
  12:IntQueueTimer.c **** 
  13:IntQueueTimer.c ****     ***************************************************************************
  14:IntQueueTimer.c ****     >>!   NOTE: The modification to the GPL is included to allow you to     !<<
  15:IntQueueTimer.c ****     >>!   distribute a combined work that includes FreeRTOS without being   !<<
  16:IntQueueTimer.c ****     >>!   obliged to provide the source code for proprietary components     !<<
  17:IntQueueTimer.c ****     >>!   outside of the FreeRTOS kernel.                                   !<<
  18:IntQueueTimer.c ****     ***************************************************************************
  19:IntQueueTimer.c **** 
  20:IntQueueTimer.c ****     FreeRTOS is distributed in the hope that it will be useful, but WITHOUT ANY
  21:IntQueueTimer.c ****     WARRANTY; without even the implied warranty of MERCHANTABILITY or FITNESS
  22:IntQueueTimer.c ****     FOR A PARTICULAR PURPOSE.  Full license text is available on the following
  23:IntQueueTimer.c ****     link: http://www.freertos.org/a00114.html
  24:IntQueueTimer.c **** 
  25:IntQueueTimer.c ****     ***************************************************************************
  26:IntQueueTimer.c ****      *                                                                       *
  27:IntQueueTimer.c ****      *    FreeRTOS provides completely free yet professionally developed,    *
  28:IntQueueTimer.c ****      *    robust, strictly quality controlled, supported, and cross          *
  29:IntQueueTimer.c ****      *    platform software that is more than just the market leader, it     *
  30:IntQueueTimer.c ****      *    is the industry's de facto standard.                               *
  31:IntQueueTimer.c ****      *                                                                       *
ARM GAS  C:\Users\NGGMLGM\AppData\Local\Temp\ccA2OrIs.s 			page 2


  32:IntQueueTimer.c ****      *    Help yourself get started quickly while simultaneously helping     *
  33:IntQueueTimer.c ****      *    to support the FreeRTOS project by purchasing a FreeRTOS           *
  34:IntQueueTimer.c ****      *    tutorial book, reference manual, or both:                          *
  35:IntQueueTimer.c ****      *    http://www.FreeRTOS.org/Documentation                              *
  36:IntQueueTimer.c ****      *                                                                       *
  37:IntQueueTimer.c ****     ***************************************************************************
  38:IntQueueTimer.c **** 
  39:IntQueueTimer.c ****     http://www.FreeRTOS.org/FAQHelp.html - Having a problem?  Start by reading
  40:IntQueueTimer.c ****     the FAQ page "My application does not run, what could be wrong?".  Have you
  41:IntQueueTimer.c ****     defined configASSERT()?
  42:IntQueueTimer.c **** 
  43:IntQueueTimer.c ****     http://www.FreeRTOS.org/support - In return for receiving this top quality
  44:IntQueueTimer.c ****     embedded software for free we request you assist our global community by
  45:IntQueueTimer.c ****     participating in the support forum.
  46:IntQueueTimer.c **** 
  47:IntQueueTimer.c ****     http://www.FreeRTOS.org/training - Investing in training allows your team to
  48:IntQueueTimer.c ****     be as productive as possible as early as possible.  Now you can receive
  49:IntQueueTimer.c ****     FreeRTOS training directly from Richard Barry, CEO of Real Time Engineers
  50:IntQueueTimer.c ****     Ltd, and the world's leading authority on the world's leading RTOS.
  51:IntQueueTimer.c **** 
  52:IntQueueTimer.c ****     http://www.FreeRTOS.org/plus - A selection of FreeRTOS ecosystem products,
  53:IntQueueTimer.c ****     including FreeRTOS+Trace - an indispensable productivity tool, a DOS
  54:IntQueueTimer.c ****     compatible FAT file system, and our tiny thread aware UDP/IP stack.
  55:IntQueueTimer.c **** 
  56:IntQueueTimer.c ****     http://www.FreeRTOS.org/labs - Where new FreeRTOS products go to incubate.
  57:IntQueueTimer.c ****     Come and try FreeRTOS+TCP, our new open source TCP/IP stack for FreeRTOS.
  58:IntQueueTimer.c **** 
  59:IntQueueTimer.c ****     http://www.OpenRTOS.com - Real Time Engineers ltd. license FreeRTOS to High
  60:IntQueueTimer.c ****     Integrity Systems ltd. to sell under the OpenRTOS brand.  Low cost OpenRTOS
  61:IntQueueTimer.c ****     licenses offer ticketed support, indemnification and commercial middleware.
  62:IntQueueTimer.c **** 
  63:IntQueueTimer.c ****     http://www.SafeRTOS.com - High Integrity Systems also provide a safety
  64:IntQueueTimer.c ****     engineered and independently SIL3 certified version for use in safety and
  65:IntQueueTimer.c ****     mission critical applications that require provable dependability.
  66:IntQueueTimer.c **** 
  67:IntQueueTimer.c ****     1 tab == 4 spaces!
  68:IntQueueTimer.c **** */
  69:IntQueueTimer.c **** 
  70:IntQueueTimer.c **** #include <device.h>
  71:IntQueueTimer.c **** #include "FreeRTOS.h"
  72:IntQueueTimer.c **** #include "task.h"
  73:IntQueueTimer.c **** /*---------------------------------------------------------------------------*/
  74:IntQueueTimer.c **** 
  75:IntQueueTimer.c **** extern portBASE_TYPE xFirstTimerHandler( void );
  76:IntQueueTimer.c **** extern portBASE_TYPE xSecondTimerHandler( void );
  77:IntQueueTimer.c **** /*---------------------------------------------------------------------------*/
  78:IntQueueTimer.c **** 
  79:IntQueueTimer.c **** CY_ISR_PROTO( vHighFrequencyFirstISR );
  80:IntQueueTimer.c **** CY_ISR_PROTO( vHighFrequencySecondISR );
  81:IntQueueTimer.c **** /*---------------------------------------------------------------------------*/
  82:IntQueueTimer.c **** 
  83:IntQueueTimer.c **** /**
  84:IntQueueTimer.c ****  * Installs and starts the ISRs that drive the Interupt Queue Tests.
  85:IntQueueTimer.c ****  */
  86:IntQueueTimer.c **** void vInitialiseTimerForIntQueueTest( void )
  87:IntQueueTimer.c **** {
  27              		.loc 1 87 0
ARM GAS  C:\Users\NGGMLGM\AppData\Local\Temp\ccA2OrIs.s 			page 3


  28              		.cfi_startproc
  29              		@ args = 0, pretend = 0, frame = 0
  30              		@ frame_needed = 1, uses_anonymous_args = 0
  31 0000 80B5     		push	{r7, lr}
  32              		.cfi_def_cfa_offset 8
  33              		.cfi_offset 7, -8
  34              		.cfi_offset 14, -4
  35 0002 00AF     		add	r7, sp, #0
  36              		.cfi_def_cfa_register 7
  88:IntQueueTimer.c **** 	taskENTER_CRITICAL();
  37              		.loc 1 88 0
  38 0004 FFF7FEFF 		bl	vPortEnterCritical
  39              	.LBB2:
  89:IntQueueTimer.c **** 	{
  90:IntQueueTimer.c **** 		/* Initialise and start the First Timer ISR. */
  91:IntQueueTimer.c **** 		isr_High_Frequency_2000Hz_ClearPending();
  40              		.loc 1 91 0
  41 0008 FFF7FEFF 		bl	isr_High_Frequency_2000Hz_ClearPending
  92:IntQueueTimer.c **** 		isr_High_Frequency_2000Hz_StartEx( ( cyisraddress ) vHighFrequencyFirstISR );
  42              		.loc 1 92 0
  43 000c 0548     		ldr	r0, .L2
  44 000e FFF7FEFF 		bl	isr_High_Frequency_2000Hz_StartEx
  93:IntQueueTimer.c **** 
  94:IntQueueTimer.c **** 		/* Initialise and start the Second Timer ISR. */
  95:IntQueueTimer.c **** 		isr_High_Frequency_2001Hz_ClearPending();
  45              		.loc 1 95 0
  46 0012 FFF7FEFF 		bl	isr_High_Frequency_2001Hz_ClearPending
  96:IntQueueTimer.c **** 		isr_High_Frequency_2001Hz_StartEx( ( cyisraddress ) vHighFrequencySecondISR );
  47              		.loc 1 96 0
  48 0016 0448     		ldr	r0, .L2+4
  49 0018 FFF7FEFF 		bl	isr_High_Frequency_2001Hz_StartEx
  50              	.LBE2:
  97:IntQueueTimer.c **** 	}
  98:IntQueueTimer.c **** 	taskEXIT_CRITICAL();
  51              		.loc 1 98 0
  52 001c FFF7FEFF 		bl	vPortExitCritical
  99:IntQueueTimer.c **** }
  53              		.loc 1 99 0
  54 0020 80BD     		pop	{r7, pc}
  55              	.L3:
  56 0022 00BF     		.align	2
  57              	.L2:
  58 0024 00000000 		.word	vHighFrequencyFirstISR
  59 0028 00000000 		.word	vHighFrequencySecondISR
  60              		.cfi_endproc
  61              	.LFE68:
  62              		.size	vInitialiseTimerForIntQueueTest, .-vInitialiseTimerForIntQueueTest
  63              		.section	.text.vHighFrequencyFirstISR,"ax",%progbits
  64              		.align	2
  65              		.global	vHighFrequencyFirstISR
  66              		.thumb
  67              		.thumb_func
  68              		.type	vHighFrequencyFirstISR, %function
  69              	vHighFrequencyFirstISR:
  70              	.LFB69:
 100:IntQueueTimer.c **** /*---------------------------------------------------------------------------*/
 101:IntQueueTimer.c **** 
ARM GAS  C:\Users\NGGMLGM\AppData\Local\Temp\ccA2OrIs.s 			page 4


 102:IntQueueTimer.c **** CY_ISR(vHighFrequencyFirstISR)
 103:IntQueueTimer.c **** {
  71              		.loc 1 103 0
  72              		.cfi_startproc
  73              		@ args = 0, pretend = 0, frame = 0
  74              		@ frame_needed = 1, uses_anonymous_args = 0
  75 0000 80B5     		push	{r7, lr}
  76              		.cfi_def_cfa_offset 8
  77              		.cfi_offset 7, -8
  78              		.cfi_offset 14, -4
  79 0002 00AF     		add	r7, sp, #0
  80              		.cfi_def_cfa_register 7
 104:IntQueueTimer.c **** 	/* Call back into the test code and context switch if necessary. */
 105:IntQueueTimer.c **** 	portEND_SWITCHING_ISR( xFirstTimerHandler() );
  81              		.loc 1 105 0
  82 0004 FFF7FEFF 		bl	xFirstTimerHandler
  83 0008 0346     		mov	r3, r0
  84 000a 002B     		cmp	r3, #0
  85 000c 07D0     		beq	.L4
  86              		.loc 1 105 0 is_stmt 0 discriminator 1
  87 000e 044B     		ldr	r3, .L6
  88 0010 4FF08052 		mov	r2, #268435456
  89 0014 1A60     		str	r2, [r3]
  90              	@ 105 "IntQueueTimer.c" 1
  91 0016 BFF34F8F 		dsb
  92              	@ 0 "" 2
  93              	@ 105 "IntQueueTimer.c" 1
  94 001a BFF36F8F 		isb
  95              	@ 0 "" 2
  96              		.thumb
  97              	.L4:
 106:IntQueueTimer.c **** }
  98              		.loc 1 106 0 is_stmt 1
  99 001e 80BD     		pop	{r7, pc}
 100              	.L7:
 101              		.align	2
 102              	.L6:
 103 0020 04ED00E0 		.word	-536810236
 104              		.cfi_endproc
 105              	.LFE69:
 106              		.size	vHighFrequencyFirstISR, .-vHighFrequencyFirstISR
 107              		.section	.text.vHighFrequencySecondISR,"ax",%progbits
 108              		.align	2
 109              		.global	vHighFrequencySecondISR
 110              		.thumb
 111              		.thumb_func
 112              		.type	vHighFrequencySecondISR, %function
 113              	vHighFrequencySecondISR:
 114              	.LFB70:
 107:IntQueueTimer.c **** /*---------------------------------------------------------------------------*/
 108:IntQueueTimer.c **** 
 109:IntQueueTimer.c **** CY_ISR(vHighFrequencySecondISR)
 110:IntQueueTimer.c **** {
 115              		.loc 1 110 0
 116              		.cfi_startproc
 117              		@ args = 0, pretend = 0, frame = 0
 118              		@ frame_needed = 1, uses_anonymous_args = 0
ARM GAS  C:\Users\NGGMLGM\AppData\Local\Temp\ccA2OrIs.s 			page 5


 119 0000 80B5     		push	{r7, lr}
 120              		.cfi_def_cfa_offset 8
 121              		.cfi_offset 7, -8
 122              		.cfi_offset 14, -4
 123 0002 00AF     		add	r7, sp, #0
 124              		.cfi_def_cfa_register 7
 111:IntQueueTimer.c **** 	/* Call back into the test code and context switch if necessary. */
 112:IntQueueTimer.c **** 	portEND_SWITCHING_ISR( xSecondTimerHandler() );
 125              		.loc 1 112 0
 126 0004 FFF7FEFF 		bl	xSecondTimerHandler
 127 0008 0346     		mov	r3, r0
 128 000a 002B     		cmp	r3, #0
 129 000c 07D0     		beq	.L8
 130              		.loc 1 112 0 is_stmt 0 discriminator 1
 131 000e 044B     		ldr	r3, .L10
 132 0010 4FF08052 		mov	r2, #268435456
 133 0014 1A60     		str	r2, [r3]
 134              	@ 112 "IntQueueTimer.c" 1
 135 0016 BFF34F8F 		dsb
 136              	@ 0 "" 2
 137              	@ 112 "IntQueueTimer.c" 1
 138 001a BFF36F8F 		isb
 139              	@ 0 "" 2
 140              		.thumb
 141              	.L8:
 113:IntQueueTimer.c **** }
 142              		.loc 1 113 0 is_stmt 1
 143 001e 80BD     		pop	{r7, pc}
 144              	.L11:
 145              		.align	2
 146              	.L10:
 147 0020 04ED00E0 		.word	-536810236
 148              		.cfi_endproc
 149              	.LFE70:
 150              		.size	vHighFrequencySecondISR, .-vHighFrequencySecondISR
 151              		.text
 152              	.Letext0:
 153              		.file 2 "c:\\program files (x86)\\cypress\\psoc creator\\4.0\\psoc creator\\import\\gnu\\arm\\4.9.
 154              		.file 3 "c:\\program files (x86)\\cypress\\psoc creator\\4.0\\psoc creator\\import\\gnu\\arm\\4.9.
 155              		.file 4 "Generated_Source\\PSoC5/cytypes.h"
 156              		.file 5 "../../../Source/portable/GCC/ARM_CM3/portmacro.h"
 157              		.file 6 "Generated_Source\\PSoC5/core_cm3.h"
 158              		.section	.debug_info,"",%progbits
 159              	.Ldebug_info0:
 160 0000 61010000 		.4byte	0x161
 161 0004 0400     		.2byte	0x4
 162 0006 00000000 		.4byte	.Ldebug_abbrev0
 163 000a 04       		.byte	0x4
 164 000b 01       		.uleb128 0x1
 165 000c 0A000000 		.4byte	.LASF24
 166 0010 01       		.byte	0x1
 167 0011 1D020000 		.4byte	.LASF25
 168 0015 6E010000 		.4byte	.LASF26
 169 0019 00000000 		.4byte	.Ldebug_ranges0+0
 170 001d 00000000 		.4byte	0
 171 0021 00000000 		.4byte	.Ldebug_line0
 172 0025 02       		.uleb128 0x2
ARM GAS  C:\Users\NGGMLGM\AppData\Local\Temp\ccA2OrIs.s 			page 6


 173 0026 01       		.byte	0x1
 174 0027 06       		.byte	0x6
 175 0028 80020000 		.4byte	.LASF0
 176 002c 02       		.uleb128 0x2
 177 002d 01       		.byte	0x1
 178 002e 08       		.byte	0x8
 179 002f B6000000 		.4byte	.LASF1
 180 0033 02       		.uleb128 0x2
 181 0034 02       		.byte	0x2
 182 0035 05       		.byte	0x5
 183 0036 59020000 		.4byte	.LASF2
 184 003a 02       		.uleb128 0x2
 185 003b 02       		.byte	0x2
 186 003c 07       		.byte	0x7
 187 003d F8000000 		.4byte	.LASF3
 188 0041 03       		.uleb128 0x3
 189 0042 00000000 		.4byte	.LASF5
 190 0046 02       		.byte	0x2
 191 0047 3F       		.byte	0x3f
 192 0048 4C000000 		.4byte	0x4c
 193 004c 02       		.uleb128 0x2
 194 004d 04       		.byte	0x4
 195 004e 05       		.byte	0x5
 196 004f 6C020000 		.4byte	.LASF4
 197 0053 03       		.uleb128 0x3
 198 0054 56010000 		.4byte	.LASF6
 199 0058 02       		.byte	0x2
 200 0059 41       		.byte	0x41
 201 005a 5E000000 		.4byte	0x5e
 202 005e 02       		.uleb128 0x2
 203 005f 04       		.byte	0x4
 204 0060 07       		.byte	0x7
 205 0061 C4000000 		.4byte	.LASF7
 206 0065 02       		.uleb128 0x2
 207 0066 08       		.byte	0x8
 208 0067 05       		.byte	0x5
 209 0068 0F020000 		.4byte	.LASF8
 210 006c 02       		.uleb128 0x2
 211 006d 08       		.byte	0x8
 212 006e 07       		.byte	0x7
 213 006f DA010000 		.4byte	.LASF9
 214 0073 04       		.uleb128 0x4
 215 0074 04       		.byte	0x4
 216 0075 05       		.byte	0x5
 217 0076 696E7400 		.ascii	"int\000"
 218 007a 02       		.uleb128 0x2
 219 007b 04       		.byte	0x4
 220 007c 07       		.byte	0x7
 221 007d 61010000 		.4byte	.LASF10
 222 0081 03       		.uleb128 0x3
 223 0082 FE010000 		.4byte	.LASF11
 224 0086 03       		.byte	0x3
 225 0087 2C       		.byte	0x2c
 226 0088 41000000 		.4byte	0x41
 227 008c 03       		.uleb128 0x3
 228 008d 63020000 		.4byte	.LASF12
 229 0091 03       		.byte	0x3
ARM GAS  C:\Users\NGGMLGM\AppData\Local\Temp\ccA2OrIs.s 			page 7


 230 0092 2D       		.byte	0x2d
 231 0093 53000000 		.4byte	0x53
 232 0097 02       		.uleb128 0x2
 233 0098 04       		.byte	0x4
 234 0099 04       		.byte	0x4
 235 009a B0000000 		.4byte	.LASF13
 236 009e 02       		.uleb128 0x2
 237 009f 08       		.byte	0x8
 238 00a0 04       		.byte	0x4
 239 00a1 4F010000 		.4byte	.LASF14
 240 00a5 02       		.uleb128 0x2
 241 00a6 01       		.byte	0x1
 242 00a7 08       		.byte	0x8
 243 00a8 2D020000 		.4byte	.LASF15
 244 00ac 05       		.uleb128 0x5
 245 00ad F1010000 		.4byte	.LASF16
 246 00b1 04       		.byte	0x4
 247 00b2 4E02     		.2byte	0x24e
 248 00b4 B8000000 		.4byte	0xb8
 249 00b8 06       		.uleb128 0x6
 250 00b9 04       		.byte	0x4
 251 00ba BE000000 		.4byte	0xbe
 252 00be 07       		.uleb128 0x7
 253 00bf 02       		.uleb128 0x2
 254 00c0 04       		.byte	0x4
 255 00c1 07       		.byte	0x7
 256 00c2 06020000 		.4byte	.LASF17
 257 00c6 03       		.uleb128 0x3
 258 00c7 75020000 		.4byte	.LASF18
 259 00cb 05       		.byte	0x5
 260 00cc 62       		.byte	0x62
 261 00cd 4C000000 		.4byte	0x4c
 262 00d1 08       		.uleb128 0x8
 263 00d2 2F010000 		.4byte	.LASF27
 264 00d6 01       		.byte	0x1
 265 00d7 56       		.byte	0x56
 266 00d8 00000000 		.4byte	.LFB68
 267 00dc 2C000000 		.4byte	.LFE68-.LFB68
 268 00e0 01       		.uleb128 0x1
 269 00e1 9C       		.byte	0x9c
 270 00e2 31010000 		.4byte	0x131
 271 00e6 09       		.uleb128 0x9
 272 00e7 08000000 		.4byte	.LBB2
 273 00eb 14000000 		.4byte	.LBE2-.LBB2
 274 00ef 0A       		.uleb128 0xa
 275 00f0 32020000 		.4byte	.LASF19
 276 00f4 01       		.byte	0x1
 277 00f5 5B       		.byte	0x5b
 278 00f6 73000000 		.4byte	0x73
 279 00fa 00010000 		.4byte	0x100
 280 00fe 0B       		.uleb128 0xb
 281 00ff 00       		.byte	0
 282 0100 0A       		.uleb128 0xa
 283 0101 D6000000 		.4byte	.LASF20
 284 0105 01       		.byte	0x1
 285 0106 5C       		.byte	0x5c
 286 0107 73000000 		.4byte	0x73
ARM GAS  C:\Users\NGGMLGM\AppData\Local\Temp\ccA2OrIs.s 			page 8


 287 010b 11010000 		.4byte	0x111
 288 010f 0B       		.uleb128 0xb
 289 0110 00       		.byte	0
 290 0111 0A       		.uleb128 0xa
 291 0112 8C020000 		.4byte	.LASF21
 292 0116 01       		.byte	0x1
 293 0117 5F       		.byte	0x5f
 294 0118 73000000 		.4byte	0x73
 295 011c 22010000 		.4byte	0x122
 296 0120 0B       		.uleb128 0xb
 297 0121 00       		.byte	0
 298 0122 0C       		.uleb128 0xc
 299 0123 B3020000 		.4byte	.LASF28
 300 0127 01       		.byte	0x1
 301 0128 60       		.byte	0x60
 302 0129 73000000 		.4byte	0x73
 303 012d 0B       		.uleb128 0xb
 304 012e 00       		.byte	0
 305 012f 00       		.byte	0
 306 0130 00       		.byte	0
 307 0131 0D       		.uleb128 0xd
 308 0132 18010000 		.4byte	.LASF22
 309 0136 01       		.byte	0x1
 310 0137 66       		.byte	0x66
 311 0138 00000000 		.4byte	.LFB69
 312 013c 24000000 		.4byte	.LFE69-.LFB69
 313 0140 01       		.uleb128 0x1
 314 0141 9C       		.byte	0x9c
 315 0142 0D       		.uleb128 0xd
 316 0143 98000000 		.4byte	.LASF23
 317 0147 01       		.byte	0x1
 318 0148 6D       		.byte	0x6d
 319 0149 00000000 		.4byte	.LFB70
 320 014d 24000000 		.4byte	.LFE70-.LFB70
 321 0151 01       		.uleb128 0x1
 322 0152 9C       		.byte	0x9c
 323 0153 0E       		.uleb128 0xe
 324 0154 0B010000 		.4byte	.LASF29
 325 0158 06       		.byte	0x6
 326 0159 9606     		.2byte	0x696
 327 015b 5F010000 		.4byte	0x15f
 328 015f 0F       		.uleb128 0xf
 329 0160 81000000 		.4byte	0x81
 330 0164 00       		.byte	0
 331              		.section	.debug_abbrev,"",%progbits
 332              	.Ldebug_abbrev0:
 333 0000 01       		.uleb128 0x1
 334 0001 11       		.uleb128 0x11
 335 0002 01       		.byte	0x1
 336 0003 25       		.uleb128 0x25
 337 0004 0E       		.uleb128 0xe
 338 0005 13       		.uleb128 0x13
 339 0006 0B       		.uleb128 0xb
 340 0007 03       		.uleb128 0x3
 341 0008 0E       		.uleb128 0xe
 342 0009 1B       		.uleb128 0x1b
 343 000a 0E       		.uleb128 0xe
ARM GAS  C:\Users\NGGMLGM\AppData\Local\Temp\ccA2OrIs.s 			page 9


 344 000b 55       		.uleb128 0x55
 345 000c 17       		.uleb128 0x17
 346 000d 11       		.uleb128 0x11
 347 000e 01       		.uleb128 0x1
 348 000f 10       		.uleb128 0x10
 349 0010 17       		.uleb128 0x17
 350 0011 00       		.byte	0
 351 0012 00       		.byte	0
 352 0013 02       		.uleb128 0x2
 353 0014 24       		.uleb128 0x24
 354 0015 00       		.byte	0
 355 0016 0B       		.uleb128 0xb
 356 0017 0B       		.uleb128 0xb
 357 0018 3E       		.uleb128 0x3e
 358 0019 0B       		.uleb128 0xb
 359 001a 03       		.uleb128 0x3
 360 001b 0E       		.uleb128 0xe
 361 001c 00       		.byte	0
 362 001d 00       		.byte	0
 363 001e 03       		.uleb128 0x3
 364 001f 16       		.uleb128 0x16
 365 0020 00       		.byte	0
 366 0021 03       		.uleb128 0x3
 367 0022 0E       		.uleb128 0xe
 368 0023 3A       		.uleb128 0x3a
 369 0024 0B       		.uleb128 0xb
 370 0025 3B       		.uleb128 0x3b
 371 0026 0B       		.uleb128 0xb
 372 0027 49       		.uleb128 0x49
 373 0028 13       		.uleb128 0x13
 374 0029 00       		.byte	0
 375 002a 00       		.byte	0
 376 002b 04       		.uleb128 0x4
 377 002c 24       		.uleb128 0x24
 378 002d 00       		.byte	0
 379 002e 0B       		.uleb128 0xb
 380 002f 0B       		.uleb128 0xb
 381 0030 3E       		.uleb128 0x3e
 382 0031 0B       		.uleb128 0xb
 383 0032 03       		.uleb128 0x3
 384 0033 08       		.uleb128 0x8
 385 0034 00       		.byte	0
 386 0035 00       		.byte	0
 387 0036 05       		.uleb128 0x5
 388 0037 16       		.uleb128 0x16
 389 0038 00       		.byte	0
 390 0039 03       		.uleb128 0x3
 391 003a 0E       		.uleb128 0xe
 392 003b 3A       		.uleb128 0x3a
 393 003c 0B       		.uleb128 0xb
 394 003d 3B       		.uleb128 0x3b
 395 003e 05       		.uleb128 0x5
 396 003f 49       		.uleb128 0x49
 397 0040 13       		.uleb128 0x13
 398 0041 00       		.byte	0
 399 0042 00       		.byte	0
 400 0043 06       		.uleb128 0x6
ARM GAS  C:\Users\NGGMLGM\AppData\Local\Temp\ccA2OrIs.s 			page 10


 401 0044 0F       		.uleb128 0xf
 402 0045 00       		.byte	0
 403 0046 0B       		.uleb128 0xb
 404 0047 0B       		.uleb128 0xb
 405 0048 49       		.uleb128 0x49
 406 0049 13       		.uleb128 0x13
 407 004a 00       		.byte	0
 408 004b 00       		.byte	0
 409 004c 07       		.uleb128 0x7
 410 004d 15       		.uleb128 0x15
 411 004e 00       		.byte	0
 412 004f 27       		.uleb128 0x27
 413 0050 19       		.uleb128 0x19
 414 0051 00       		.byte	0
 415 0052 00       		.byte	0
 416 0053 08       		.uleb128 0x8
 417 0054 2E       		.uleb128 0x2e
 418 0055 01       		.byte	0x1
 419 0056 3F       		.uleb128 0x3f
 420 0057 19       		.uleb128 0x19
 421 0058 03       		.uleb128 0x3
 422 0059 0E       		.uleb128 0xe
 423 005a 3A       		.uleb128 0x3a
 424 005b 0B       		.uleb128 0xb
 425 005c 3B       		.uleb128 0x3b
 426 005d 0B       		.uleb128 0xb
 427 005e 27       		.uleb128 0x27
 428 005f 19       		.uleb128 0x19
 429 0060 11       		.uleb128 0x11
 430 0061 01       		.uleb128 0x1
 431 0062 12       		.uleb128 0x12
 432 0063 06       		.uleb128 0x6
 433 0064 40       		.uleb128 0x40
 434 0065 18       		.uleb128 0x18
 435 0066 9642     		.uleb128 0x2116
 436 0068 19       		.uleb128 0x19
 437 0069 01       		.uleb128 0x1
 438 006a 13       		.uleb128 0x13
 439 006b 00       		.byte	0
 440 006c 00       		.byte	0
 441 006d 09       		.uleb128 0x9
 442 006e 0B       		.uleb128 0xb
 443 006f 01       		.byte	0x1
 444 0070 11       		.uleb128 0x11
 445 0071 01       		.uleb128 0x1
 446 0072 12       		.uleb128 0x12
 447 0073 06       		.uleb128 0x6
 448 0074 00       		.byte	0
 449 0075 00       		.byte	0
 450 0076 0A       		.uleb128 0xa
 451 0077 2E       		.uleb128 0x2e
 452 0078 01       		.byte	0x1
 453 0079 3F       		.uleb128 0x3f
 454 007a 19       		.uleb128 0x19
 455 007b 03       		.uleb128 0x3
 456 007c 0E       		.uleb128 0xe
 457 007d 3A       		.uleb128 0x3a
ARM GAS  C:\Users\NGGMLGM\AppData\Local\Temp\ccA2OrIs.s 			page 11


 458 007e 0B       		.uleb128 0xb
 459 007f 3B       		.uleb128 0x3b
 460 0080 0B       		.uleb128 0xb
 461 0081 49       		.uleb128 0x49
 462 0082 13       		.uleb128 0x13
 463 0083 3C       		.uleb128 0x3c
 464 0084 19       		.uleb128 0x19
 465 0085 01       		.uleb128 0x1
 466 0086 13       		.uleb128 0x13
 467 0087 00       		.byte	0
 468 0088 00       		.byte	0
 469 0089 0B       		.uleb128 0xb
 470 008a 18       		.uleb128 0x18
 471 008b 00       		.byte	0
 472 008c 00       		.byte	0
 473 008d 00       		.byte	0
 474 008e 0C       		.uleb128 0xc
 475 008f 2E       		.uleb128 0x2e
 476 0090 01       		.byte	0x1
 477 0091 3F       		.uleb128 0x3f
 478 0092 19       		.uleb128 0x19
 479 0093 03       		.uleb128 0x3
 480 0094 0E       		.uleb128 0xe
 481 0095 3A       		.uleb128 0x3a
 482 0096 0B       		.uleb128 0xb
 483 0097 3B       		.uleb128 0x3b
 484 0098 0B       		.uleb128 0xb
 485 0099 49       		.uleb128 0x49
 486 009a 13       		.uleb128 0x13
 487 009b 3C       		.uleb128 0x3c
 488 009c 19       		.uleb128 0x19
 489 009d 00       		.byte	0
 490 009e 00       		.byte	0
 491 009f 0D       		.uleb128 0xd
 492 00a0 2E       		.uleb128 0x2e
 493 00a1 00       		.byte	0
 494 00a2 3F       		.uleb128 0x3f
 495 00a3 19       		.uleb128 0x19
 496 00a4 03       		.uleb128 0x3
 497 00a5 0E       		.uleb128 0xe
 498 00a6 3A       		.uleb128 0x3a
 499 00a7 0B       		.uleb128 0xb
 500 00a8 3B       		.uleb128 0x3b
 501 00a9 0B       		.uleb128 0xb
 502 00aa 27       		.uleb128 0x27
 503 00ab 19       		.uleb128 0x19
 504 00ac 11       		.uleb128 0x11
 505 00ad 01       		.uleb128 0x1
 506 00ae 12       		.uleb128 0x12
 507 00af 06       		.uleb128 0x6
 508 00b0 40       		.uleb128 0x40
 509 00b1 18       		.uleb128 0x18
 510 00b2 9642     		.uleb128 0x2116
 511 00b4 19       		.uleb128 0x19
 512 00b5 00       		.byte	0
 513 00b6 00       		.byte	0
 514 00b7 0E       		.uleb128 0xe
ARM GAS  C:\Users\NGGMLGM\AppData\Local\Temp\ccA2OrIs.s 			page 12


 515 00b8 34       		.uleb128 0x34
 516 00b9 00       		.byte	0
 517 00ba 03       		.uleb128 0x3
 518 00bb 0E       		.uleb128 0xe
 519 00bc 3A       		.uleb128 0x3a
 520 00bd 0B       		.uleb128 0xb
 521 00be 3B       		.uleb128 0x3b
 522 00bf 05       		.uleb128 0x5
 523 00c0 49       		.uleb128 0x49
 524 00c1 13       		.uleb128 0x13
 525 00c2 3F       		.uleb128 0x3f
 526 00c3 19       		.uleb128 0x19
 527 00c4 3C       		.uleb128 0x3c
 528 00c5 19       		.uleb128 0x19
 529 00c6 00       		.byte	0
 530 00c7 00       		.byte	0
 531 00c8 0F       		.uleb128 0xf
 532 00c9 35       		.uleb128 0x35
 533 00ca 00       		.byte	0
 534 00cb 49       		.uleb128 0x49
 535 00cc 13       		.uleb128 0x13
 536 00cd 00       		.byte	0
 537 00ce 00       		.byte	0
 538 00cf 00       		.byte	0
 539              		.section	.debug_aranges,"",%progbits
 540 0000 2C000000 		.4byte	0x2c
 541 0004 0200     		.2byte	0x2
 542 0006 00000000 		.4byte	.Ldebug_info0
 543 000a 04       		.byte	0x4
 544 000b 00       		.byte	0
 545 000c 0000     		.2byte	0
 546 000e 0000     		.2byte	0
 547 0010 00000000 		.4byte	.LFB68
 548 0014 2C000000 		.4byte	.LFE68-.LFB68
 549 0018 00000000 		.4byte	.LFB69
 550 001c 24000000 		.4byte	.LFE69-.LFB69
 551 0020 00000000 		.4byte	.LFB70
 552 0024 24000000 		.4byte	.LFE70-.LFB70
 553 0028 00000000 		.4byte	0
 554 002c 00000000 		.4byte	0
 555              		.section	.debug_ranges,"",%progbits
 556              	.Ldebug_ranges0:
 557 0000 00000000 		.4byte	.LFB68
 558 0004 2C000000 		.4byte	.LFE68
 559 0008 00000000 		.4byte	.LFB69
 560 000c 24000000 		.4byte	.LFE69
 561 0010 00000000 		.4byte	.LFB70
 562 0014 24000000 		.4byte	.LFE70
 563 0018 00000000 		.4byte	0
 564 001c 00000000 		.4byte	0
 565              		.section	.debug_line,"",%progbits
 566              	.Ldebug_line0:
 567 0000 D3010000 		.section	.debug_str,"MS",%progbits,1
 567      02008401 
 567      00000201 
 567      FB0E0D00 
 567      01010101 
ARM GAS  C:\Users\NGGMLGM\AppData\Local\Temp\ccA2OrIs.s 			page 13


 568              	.LASF5:
 569 0000 5F5F696E 		.ascii	"__int32_t\000"
 569      7433325F 
 569      7400
 570              	.LASF24:
 571 000a 474E5520 		.ascii	"GNU C 4.9.3 20150303 (release) [ARM/embedded-4_9-br"
 571      4320342E 
 571      392E3320 
 571      32303135 
 571      30333033 
 572 003d 616E6368 		.ascii	"anch revision 221220] -mcpu=cortex-m3 -mthumb -g -O"
 572      20726576 
 572      6973696F 
 572      6E203232 
 572      31323230 
 573 0070 30202D66 		.ascii	"0 -ffunction-sections -ffat-lto-objects\000"
 573      66756E63 
 573      74696F6E 
 573      2D736563 
 573      74696F6E 
 574              	.LASF23:
 575 0098 76486967 		.ascii	"vHighFrequencySecondISR\000"
 575      68467265 
 575      7175656E 
 575      63795365 
 575      636F6E64 
 576              	.LASF13:
 577 00b0 666C6F61 		.ascii	"float\000"
 577      7400
 578              	.LASF1:
 579 00b6 756E7369 		.ascii	"unsigned char\000"
 579      676E6564 
 579      20636861 
 579      7200
 580              	.LASF7:
 581 00c4 6C6F6E67 		.ascii	"long unsigned int\000"
 581      20756E73 
 581      69676E65 
 581      6420696E 
 581      7400
 582              	.LASF20:
 583 00d6 6973725F 		.ascii	"isr_High_Frequency_2000Hz_StartEx\000"
 583      48696768 
 583      5F467265 
 583      7175656E 
 583      63795F32 
 584              	.LASF3:
 585 00f8 73686F72 		.ascii	"short unsigned int\000"
 585      7420756E 
 585      7369676E 
 585      65642069 
 585      6E7400
 586              	.LASF29:
 587 010b 49544D5F 		.ascii	"ITM_RxBuffer\000"
 587      52784275 
 587      66666572 
 587      00
ARM GAS  C:\Users\NGGMLGM\AppData\Local\Temp\ccA2OrIs.s 			page 14


 588              	.LASF22:
 589 0118 76486967 		.ascii	"vHighFrequencyFirstISR\000"
 589      68467265 
 589      7175656E 
 589      63794669 
 589      72737449 
 590              	.LASF27:
 591 012f 76496E69 		.ascii	"vInitialiseTimerForIntQueueTest\000"
 591      7469616C 
 591      69736554 
 591      696D6572 
 591      466F7249 
 592              	.LASF14:
 593 014f 646F7562 		.ascii	"double\000"
 593      6C6500
 594              	.LASF6:
 595 0156 5F5F7569 		.ascii	"__uint32_t\000"
 595      6E743332 
 595      5F7400
 596              	.LASF10:
 597 0161 756E7369 		.ascii	"unsigned int\000"
 597      676E6564 
 597      20696E74 
 597      00
 598              	.LASF26:
 599 016e 433A5C55 		.ascii	"C:\\Users\\NGGMLGM\\Documents\\UWE\\GDIP\\GDIP\\Fre"
 599      73657273 
 599      5C4E4747 
 599      4D4C474D 
 599      5C446F63 
 600 019a 6552544F 		.ascii	"eRTOS\\Demo\\CORTEX_CY8C5588_PSoC_Creator_GCC\\Free"
 600      535C4465 
 600      6D6F5C43 
 600      4F525445 
 600      585F4359 
 601 01ca 52544F53 		.ascii	"RTOS_Demo.cydsn\000"
 601      5F44656D 
 601      6F2E6379 
 601      64736E00 
 602              	.LASF9:
 603 01da 6C6F6E67 		.ascii	"long long unsigned int\000"
 603      206C6F6E 
 603      6720756E 
 603      7369676E 
 603      65642069 
 604              	.LASF16:
 605 01f1 63796973 		.ascii	"cyisraddress\000"
 605      72616464 
 605      72657373 
 605      00
 606              	.LASF11:
 607 01fe 696E7433 		.ascii	"int32_t\000"
 607      325F7400 
 608              	.LASF17:
 609 0206 73697A65 		.ascii	"sizetype\000"
 609      74797065 
 609      00
ARM GAS  C:\Users\NGGMLGM\AppData\Local\Temp\ccA2OrIs.s 			page 15


 610              	.LASF8:
 611 020f 6C6F6E67 		.ascii	"long long int\000"
 611      206C6F6E 
 611      6720696E 
 611      7400
 612              	.LASF25:
 613 021d 496E7451 		.ascii	"IntQueueTimer.c\000"
 613      75657565 
 613      54696D65 
 613      722E6300 
 614              	.LASF15:
 615 022d 63686172 		.ascii	"char\000"
 615      00
 616              	.LASF19:
 617 0232 6973725F 		.ascii	"isr_High_Frequency_2000Hz_ClearPending\000"
 617      48696768 
 617      5F467265 
 617      7175656E 
 617      63795F32 
 618              	.LASF2:
 619 0259 73686F72 		.ascii	"short int\000"
 619      7420696E 
 619      7400
 620              	.LASF12:
 621 0263 75696E74 		.ascii	"uint32_t\000"
 621      33325F74 
 621      00
 622              	.LASF4:
 623 026c 6C6F6E67 		.ascii	"long int\000"
 623      20696E74 
 623      00
 624              	.LASF18:
 625 0275 42617365 		.ascii	"BaseType_t\000"
 625      54797065 
 625      5F7400
 626              	.LASF0:
 627 0280 7369676E 		.ascii	"signed char\000"
 627      65642063 
 627      68617200 
 628              	.LASF21:
 629 028c 6973725F 		.ascii	"isr_High_Frequency_2001Hz_ClearPending\000"
 629      48696768 
 629      5F467265 
 629      7175656E 
 629      63795F32 
 630              	.LASF28:
 631 02b3 6973725F 		.ascii	"isr_High_Frequency_2001Hz_StartEx\000"
 631      48696768 
 631      5F467265 
 631      7175656E 
 631      63795F32 
 632              		.ident	"GCC: (GNU Tools for ARM Embedded Processors) 4.9.3 20150303 (release) [ARM/embedded-4_9-br
